{"/Users/debabratanayak_1/Documents/DesignSystem_211/src/app/react-core-package/src/components/AadhaarInput/AadhaarInput.tsx": {"path":"/Users/debabratanayak_1/Documents/DesignSystem_211/src/app/react-core-package/src/components/AadhaarInput/AadhaarInput.tsx","statementMap":{"0":{"start":{"line":18,"column":17},"end":{"line":18,"column":null}},"1":{"start":{"line":19,"column":16},"end":{"line":19,"column":null}},"2":{"start":{"line":20,"column":2},"end":{"line":20,"column":null}},"3":{"start":{"line":25,"column":17},"end":{"line":25,"column":null}},"4":{"start":{"line":26,"column":2},"end":{"line":26,"column":null}},"5":{"start":{"line":29,"column":13},"end":{"line":118,"column":null}},"6":{"start":{"line":48,"column":22},"end":{"line":48,"column":null}},"7":{"start":{"line":49,"column":26},"end":{"line":49,"column":null}},"8":{"start":{"line":50,"column":19},"end":{"line":50,"column":null}},"9":{"start":{"line":51,"column":20},"end":{"line":51,"column":null}},"10":{"start":{"line":52,"column":24},"end":{"line":54,"column":null}},"11":{"start":{"line":56,"column":10},"end":{"line":62,"column":null}},"12":{"start":{"line":58,"column":20},"end":{"line":58,"column":null}},"13":{"start":{"line":59,"column":8},"end":{"line":59,"column":null}},"14":{"start":{"line":64,"column":4},"end":{"line":115,"column":null}},"15":{"start":{"line":120,"column":0},"end":{"line":120,"column":null}}},"fnMap":{"0":{"name":"formatAadhaar","decl":{"start":{"line":17,"column":9},"end":{"line":17,"column":23}},"loc":{"start":{"line":17,"column":44},"end":{"line":21,"column":null}},"line":17},"1":{"name":"isValidAadhaar","decl":{"start":{"line":24,"column":16},"end":{"line":24,"column":31}},"loc":{"start":{"line":24,"column":55},"end":{"line":27,"column":null}},"line":24},"2":{"name":"(anonymous_2)","decl":{"start":{"line":30,"column":2},"end":{"line":30,"column":null}},"loc":{"start":{"line":47,"column":7},"end":{"line":117,"column":null}},"line":47},"3":{"name":"(anonymous_3)","decl":{"start":{"line":57,"column":6},"end":{"line":57,"column":7}},"loc":{"start":{"line":57,"column":50},"end":{"line":60,"column":null}},"line":57}},"branchMap":{"0":{"loc":{"start":{"line":26,"column":9},"end":{"line":26,"column":null}},"type":"binary-expr","locations":[{"start":{"line":26,"column":9},"end":{"line":26,"column":33}},{"start":{"line":26,"column":33},"end":{"line":26,"column":null}}],"line":26},"1":{"loc":{"start":{"line":34,"column":6},"end":{"line":34,"column":null}},"type":"default-arg","locations":[{"start":{"line":34,"column":14},"end":{"line":34,"column":null}}],"line":34},"2":{"loc":{"start":{"line":35,"column":6},"end":{"line":35,"column":null}},"type":"default-arg","locations":[{"start":{"line":35,"column":14},"end":{"line":35,"column":null}}],"line":35},"3":{"loc":{"start":{"line":49,"column":26},"end":{"line":49,"column":null}},"type":"binary-expr","locations":[{"start":{"line":49,"column":26},"end":{"line":49,"column":35}},{"start":{"line":49,"column":35},"end":{"line":49,"column":null}}],"line":49},"4":{"loc":{"start":{"line":50,"column":19},"end":{"line":50,"column":null}},"type":"cond-expr","locations":[{"start":{"line":50,"column":24},"end":{"line":50,"column":39}},{"start":{"line":50,"column":39},"end":{"line":50,"column":null}}],"line":50},"5":{"loc":{"start":{"line":51,"column":20},"end":{"line":51,"column":null}},"type":"cond-expr","locations":[{"start":{"line":51,"column":25},"end":{"line":51,"column":41}},{"start":{"line":51,"column":41},"end":{"line":51,"column":null}}],"line":51},"6":{"loc":{"start":{"line":52,"column":24},"end":{"line":54,"column":null}},"type":"binary-expr","locations":[{"start":{"line":52,"column":24},"end":{"line":54,"column":20}},{"start":{"line":54,"column":20},"end":{"line":54,"column":null}}],"line":52},"7":{"loc":{"start":{"line":52,"column":42},"end":{"line":52,"column":69}},"type":"cond-expr","locations":[{"start":{"line":52,"column":49},"end":{"line":52,"column":58}},{"start":{"line":52,"column":58},"end":{"line":52,"column":69}}],"line":52},"8":{"loc":{"start":{"line":52,"column":69},"end":{"line":52,"column":100}},"type":"cond-expr","locations":[{"start":{"line":52,"column":81},"end":{"line":52,"column":91}},{"start":{"line":52,"column":91},"end":{"line":52,"column":100}}],"line":52},"9":{"loc":{"start":{"line":66,"column":9},"end":{"line":76,"column":null}},"type":"binary-expr","locations":[{"start":{"line":66,"column":9},"end":{"line":66,"column":null}},{"start":{"line":67,"column":10},"end":{"line":76,"column":null}}],"line":66},"10":{"loc":{"start":{"line":71,"column":14},"end":{"line":71,"column":null}},"type":"binary-expr","locations":[{"start":{"line":71,"column":14},"end":{"line":71,"column":26}},{"start":{"line":71,"column":26},"end":{"line":71,"column":null}}],"line":71},"11":{"loc":{"start":{"line":75,"column":13},"end":{"line":75,"column":null}},"type":"binary-expr","locations":[{"start":{"line":75,"column":13},"end":{"line":75,"column":25}},{"start":{"line":75,"column":25},"end":{"line":75,"column":null}}],"line":75},"12":{"loc":{"start":{"line":90,"column":22},"end":{"line":90,"column":null}},"type":"binary-expr","locations":[{"start":{"line":90,"column":22},"end":{"line":90,"column":31}},{"start":{"line":90,"column":31},"end":{"line":90,"column":null}}],"line":90},"13":{"loc":{"start":{"line":98,"column":12},"end":{"line":100,"column":null}},"type":"cond-expr","locations":[{"start":{"line":99,"column":16},"end":{"line":99,"column":null}},{"start":{"line":100,"column":16},"end":{"line":100,"column":null}}],"line":98},"14":{"loc":{"start":{"line":101,"column":12},"end":{"line":101,"column":null}},"type":"binary-expr","locations":[{"start":{"line":101,"column":12},"end":{"line":101,"column":24}},{"start":{"line":101,"column":24},"end":{"line":101,"column":null}}],"line":101},"15":{"loc":{"start":{"line":105,"column":9},"end":{"line":108,"column":null}},"type":"binary-expr","locations":[{"start":{"line":105,"column":9},"end":{"line":105,"column":17}},{"start":{"line":105,"column":17},"end":{"line":105,"column":null}},{"start":{"line":106,"column":10},"end":{"line":108,"column":null}}],"line":105},"16":{"loc":{"start":{"line":110,"column":9},"end":{"line":113,"column":null}},"type":"binary-expr","locations":[{"start":{"line":110,"column":9},"end":{"line":110,"column":null}},{"start":{"line":111,"column":10},"end":{"line":113,"column":null}}],"line":110}},"s":{"0":16,"1":16,"2":16,"3":6,"4":6,"5":1,"6":16,"7":16,"8":16,"9":16,"10":16,"11":16,"12":10,"13":10,"14":16,"15":1},"f":{"0":16,"1":6,"2":16,"3":10},"b":{"0":[6,4],"1":[16],"2":[16],"3":[16,15],"4":[16,0],"5":[16,0],"6":[16,13],"7":[2,14],"8":[2,14],"9":[16,16],"10":[16,1],"11":[16,2],"12":[16,0],"13":[3,13],"14":[16,1],"15":[16,2,1],"16":[16,2]},"meta":{"lastBranch":17,"lastFunction":4,"lastStatement":16,"seen":{"f:17:9:17:23":0,"s:18:17:18:Infinity":0,"s:19:16:19:Infinity":1,"s:20:2:20:Infinity":2,"f:24:16:24:31":1,"s:25:17:25:Infinity":3,"s:26:2:26:Infinity":4,"b:26:9:26:33:26:33:26:Infinity":0,"s:29:13:118:Infinity":5,"f:30:2:30:Infinity":2,"b:34:14:34:Infinity":1,"b:35:14:35:Infinity":2,"s:48:22:48:Infinity":6,"s:49:26:49:Infinity":7,"b:49:26:49:35:49:35:49:Infinity":3,"s:50:19:50:Infinity":8,"b:50:24:50:39:50:39:50:Infinity":4,"s:51:20:51:Infinity":9,"b:51:25:51:41:51:41:51:Infinity":5,"s:52:24:54:Infinity":10,"b:52:24:54:20:54:20:54:Infinity":6,"b:52:49:52:58:52:58:52:69":7,"b:52:81:52:91:52:91:52:100":8,"s:56:10:62:Infinity":11,"f:57:6:57:7":3,"s:58:20:58:Infinity":12,"s:59:8:59:Infinity":13,"s:64:4:115:Infinity":14,"b:66:9:66:Infinity:67:10:76:Infinity":9,"b:71:14:71:26:71:26:71:Infinity":10,"b:75:13:75:25:75:25:75:Infinity":11,"b:90:22:90:31:90:31:90:Infinity":12,"b:99:16:99:Infinity:100:16:100:Infinity":13,"b:101:12:101:24:101:24:101:Infinity":14,"b:105:9:105:17:105:17:105:Infinity:106:10:108:Infinity":15,"b:110:9:110:Infinity:111:10:113:Infinity":16,"s:120:0:120:Infinity":15}}}
,"/Users/debabratanayak_1/Documents/DesignSystem_211/src/app/react-core-package/src/components/Accordion/Accordion.tsx": {"path":"/Users/debabratanayak_1/Documents/DesignSystem_211/src/app/react-core-package/src/components/Accordion/Accordion.tsx","statementMap":{"0":{"start":{"line":30,"column":40},"end":{"line":30,"column":null}},"1":{"start":{"line":32,"column":20},"end":{"line":32,"column":null}},"2":{"start":{"line":33,"column":23},"end":{"line":33,"column":null}},"3":{"start":{"line":35,"column":21},"end":{"line":52,"column":null}},"4":{"start":{"line":36,"column":19},"end":{"line":36,"column":null}},"5":{"start":{"line":40,"column":4},"end":{"line":46,"column":null}},"6":{"start":{"line":41,"column":6},"end":{"line":43,"column":null}},"7":{"start":{"line":42,"column":37},"end":{"line":42,"column":49}},"8":{"start":{"line":45,"column":6},"end":{"line":45,"column":null}},"9":{"start":{"line":48,"column":4},"end":{"line":50,"column":null}},"10":{"start":{"line":49,"column":6},"end":{"line":49,"column":null}},"11":{"start":{"line":51,"column":4},"end":{"line":51,"column":null}},"12":{"start":{"line":54,"column":2},"end":{"line":106,"column":null}},"13":{"start":{"line":57,"column":23},"end":{"line":57,"column":null}},"14":{"start":{"line":58,"column":27},"end":{"line":58,"column":null}},"15":{"start":{"line":60,"column":8},"end":{"line":103,"column":null}},"16":{"start":{"line":72,"column":29},"end":{"line":72,"column":null}},"17":{"start":{"line":110,"column":0},"end":{"line":110,"column":null}}},"fnMap":{"0":{"name":"Accordion","decl":{"start":{"line":20,"column":16},"end":{"line":20,"column":26}},"loc":{"start":{"line":29,"column":19},"end":{"line":108,"column":null}},"line":29},"1":{"name":"(anonymous_1)","decl":{"start":{"line":35,"column":21},"end":{"line":35,"column":22}},"loc":{"start":{"line":35,"column":38},"end":{"line":52,"column":null}},"line":35},"2":{"name":"(anonymous_2)","decl":{"start":{"line":42,"column":27},"end":{"line":42,"column":28}},"loc":{"start":{"line":42,"column":37},"end":{"line":42,"column":49}},"line":42},"3":{"name":"(anonymous_3)","decl":{"start":{"line":56,"column":17},"end":{"line":56,"column":18}},"loc":{"start":{"line":56,"column":27},"end":{"line":105,"column":7}},"line":56},"4":{"name":"(anonymous_4)","decl":{"start":{"line":72,"column":23},"end":{"line":72,"column":29}},"loc":{"start":{"line":72,"column":29},"end":{"line":72,"column":null}},"line":72}},"branchMap":{"0":{"loc":{"start":{"line":22,"column":2},"end":{"line":22,"column":null}},"type":"default-arg","locations":[{"start":{"line":22,"column":18},"end":{"line":22,"column":null}}],"line":22},"1":{"loc":{"start":{"line":24,"column":2},"end":{"line":24,"column":null}},"type":"default-arg","locations":[{"start":{"line":24,"column":17},"end":{"line":24,"column":null}}],"line":24},"2":{"loc":{"start":{"line":26,"column":2},"end":{"line":26,"column":null}},"type":"default-arg","locations":[{"start":{"line":26,"column":16},"end":{"line":26,"column":null}}],"line":26},"3":{"loc":{"start":{"line":32,"column":20},"end":{"line":32,"column":null}},"type":"binary-expr","locations":[{"start":{"line":32,"column":20},"end":{"line":32,"column":39}},{"start":{"line":32,"column":39},"end":{"line":32,"column":null}}],"line":32},"4":{"loc":{"start":{"line":40,"column":4},"end":{"line":46,"column":null}},"type":"if","locations":[{"start":{"line":40,"column":4},"end":{"line":46,"column":null}},{"start":{"line":44,"column":11},"end":{"line":46,"column":null}}],"line":40},"5":{"loc":{"start":{"line":41,"column":17},"end":{"line":43,"column":null}},"type":"cond-expr","locations":[{"start":{"line":42,"column":10},"end":{"line":42,"column":null}},{"start":{"line":43,"column":10},"end":{"line":43,"column":null}}],"line":41},"6":{"loc":{"start":{"line":45,"column":17},"end":{"line":45,"column":null}},"type":"cond-expr","locations":[{"start":{"line":45,"column":41},"end":{"line":45,"column":46}},{"start":{"line":45,"column":46},"end":{"line":45,"column":null}}],"line":45},"7":{"loc":{"start":{"line":45,"column":17},"end":{"line":45,"column":41}},"type":"binary-expr","locations":[{"start":{"line":45,"column":17},"end":{"line":45,"column":27}},{"start":{"line":45,"column":27},"end":{"line":45,"column":41}}],"line":45},"8":{"loc":{"start":{"line":48,"column":4},"end":{"line":50,"column":null}},"type":"if","locations":[{"start":{"line":48,"column":4},"end":{"line":50,"column":null}},{"start":{},"end":{}}],"line":48},"9":{"loc":{"start":{"line":65,"column":14},"end":{"line":65,"column":null}},"type":"binary-expr","locations":[{"start":{"line":65,"column":14},"end":{"line":65,"column":24}},{"start":{"line":65,"column":24},"end":{"line":65,"column":null}}],"line":65},"10":{"loc":{"start":{"line":66,"column":14},"end":{"line":66,"column":null}},"type":"binary-expr","locations":[{"start":{"line":66,"column":14},"end":{"line":66,"column":28}},{"start":{"line":66,"column":28},"end":{"line":66,"column":null}}],"line":66},"11":{"loc":{"start":{"line":72,"column":29},"end":{"line":72,"column":null}},"type":"binary-expr","locations":[{"start":{"line":72,"column":29},"end":{"line":72,"column":44}},{"start":{"line":72,"column":44},"end":{"line":72,"column":null}}],"line":72},"12":{"loc":{"start":{"line":78,"column":15},"end":{"line":81,"column":null}},"type":"binary-expr","locations":[{"start":{"line":78,"column":15},"end":{"line":78,"column":null}},{"start":{"line":79,"column":16},"end":{"line":81,"column":null}}],"line":78},"13":{"loc":{"start":{"line":88,"column":17},"end":{"line":88,"column":null}},"type":"cond-expr","locations":[{"start":{"line":88,"column":26},"end":{"line":88,"column":32}},{"start":{"line":88,"column":32},"end":{"line":88,"column":null}}],"line":88},"14":{"loc":{"start":{"line":97,"column":16},"end":{"line":97,"column":null}},"type":"binary-expr","locations":[{"start":{"line":97,"column":16},"end":{"line":97,"column":26}},{"start":{"line":97,"column":26},"end":{"line":97,"column":null}}],"line":97}},"s":{"0":37,"1":37,"2":37,"3":37,"4":11,"5":11,"6":2,"7":0,"8":9,"9":11,"10":11,"11":11,"12":37,"13":111,"14":111,"15":111,"16":11,"17":1},"f":{"0":37,"1":11,"2":0,"3":111,"4":11},"b":{"0":[37],"1":[37],"2":[37],"3":[37,36],"4":[2,9],"5":[0,2],"6":[1,8],"7":[9,2],"8":[11,0],"9":[111,17],"10":[111,37],"11":[11,11],"12":[111,0],"13":[17,94],"14":[111,17]},"meta":{"lastBranch":15,"lastFunction":5,"lastStatement":18,"seen":{"f:20:16:20:26":0,"b:22:18:22:Infinity":0,"b:24:17:24:Infinity":1,"b:26:16:26:Infinity":2,"s:30:40:30:Infinity":0,"s:32:20:32:Infinity":1,"b:32:20:32:39:32:39:32:Infinity":3,"s:33:23:33:Infinity":2,"s:35:21:52:Infinity":3,"f:35:21:35:22":1,"s:36:19:36:Infinity":4,"b:40:4:46:Infinity:44:11:46:Infinity":4,"s:40:4:46:Infinity":5,"s:41:6:43:Infinity":6,"b:42:10:42:Infinity:43:10:43:Infinity":5,"f:42:27:42:28":2,"s:42:37:42:49":7,"s:45:6:45:Infinity":8,"b:45:41:45:46:45:46:45:Infinity":6,"b:45:17:45:27:45:27:45:41":7,"b:48:4:50:Infinity:undefined:undefined:undefined:undefined":8,"s:48:4:50:Infinity":9,"s:49:6:49:Infinity":10,"s:51:4:51:Infinity":11,"s:54:2:106:Infinity":12,"f:56:17:56:18":3,"s:57:23:57:Infinity":13,"s:58:27:58:Infinity":14,"s:60:8:103:Infinity":15,"b:65:14:65:24:65:24:65:Infinity":9,"b:66:14:66:28:66:28:66:Infinity":10,"f:72:23:72:29":4,"s:72:29:72:Infinity":16,"b:72:29:72:44:72:44:72:Infinity":11,"b:78:15:78:Infinity:79:16:81:Infinity":12,"b:88:26:88:32:88:32:88:Infinity":13,"b:97:16:97:26:97:26:97:Infinity":14,"s:110:0:110:Infinity":17}}}
,"/Users/debabratanayak_1/Documents/DesignSystem_211/src/app/react-core-package/src/components/AddressAutocompleteIndia/AddressAutocompleteIndia.tsx": {"path":"/Users/debabratanayak_1/Documents/DesignSystem_211/src/app/react-core-package/src/components/AddressAutocompleteIndia/AddressAutocompleteIndia.tsx","statementMap":{"0":{"start":{"line":15,"column":87},"end":{"line":21,"column":null}},"1":{"start":{"line":23,"column":36},"end":{"line":23,"column":null}},"2":{"start":{"line":25,"column":13},"end":{"line":142,"column":null}},"3":{"start":{"line":41,"column":26},"end":{"line":41,"column":null}},"4":{"start":{"line":43,"column":10},"end":{"line":59,"column":null}},"5":{"start":{"line":45,"column":24},"end":{"line":45,"column":null}},"6":{"start":{"line":47,"column":8},"end":{"line":54,"column":null}},"7":{"start":{"line":48,"column":25},"end":{"line":48,"column":null}},"8":{"start":{"line":49,"column":10},"end":{"line":53,"column":null}},"9":{"start":{"line":50,"column":12},"end":{"line":50,"column":null}},"10":{"start":{"line":51,"column":12},"end":{"line":51,"column":null}},"11":{"start":{"line":52,"column":12},"end":{"line":52,"column":null}},"12":{"start":{"line":56,"column":8},"end":{"line":56,"column":null}},"13":{"start":{"line":61,"column":10},"end":{"line":67,"column":null}},"14":{"start":{"line":69,"column":4},"end":{"line":139,"column":null}},"15":{"start":{"line":90,"column":29},"end":{"line":90,"column":null}},"16":{"start":{"line":100,"column":29},"end":{"line":100,"column":null}},"17":{"start":{"line":109,"column":29},"end":{"line":109,"column":null}},"18":{"start":{"line":118,"column":29},"end":{"line":118,"column":null}},"19":{"start":{"line":126,"column":29},"end":{"line":126,"column":null}},"20":{"start":{"line":144,"column":0},"end":{"line":144,"column":null}}},"fnMap":{"0":{"name":"(anonymous_0)","decl":{"start":{"line":26,"column":2},"end":{"line":26,"column":null}},"loc":{"start":{"line":40,"column":7},"end":{"line":141,"column":null}},"line":40},"1":{"name":"(anonymous_1)","decl":{"start":{"line":44,"column":6},"end":{"line":44,"column":7}},"loc":{"start":{"line":44,"column":57},"end":{"line":57,"column":null}},"line":44},"2":{"name":"(anonymous_2)","decl":{"start":{"line":90,"column":22},"end":{"line":90,"column":23}},"loc":{"start":{"line":90,"column":29},"end":{"line":90,"column":null}},"line":90},"3":{"name":"(anonymous_3)","decl":{"start":{"line":100,"column":22},"end":{"line":100,"column":23}},"loc":{"start":{"line":100,"column":29},"end":{"line":100,"column":null}},"line":100},"4":{"name":"(anonymous_4)","decl":{"start":{"line":109,"column":22},"end":{"line":109,"column":23}},"loc":{"start":{"line":109,"column":29},"end":{"line":109,"column":null}},"line":109},"5":{"name":"(anonymous_5)","decl":{"start":{"line":118,"column":22},"end":{"line":118,"column":23}},"loc":{"start":{"line":118,"column":29},"end":{"line":118,"column":null}},"line":118},"6":{"name":"(anonymous_6)","decl":{"start":{"line":126,"column":22},"end":{"line":126,"column":23}},"loc":{"start":{"line":126,"column":29},"end":{"line":126,"column":null}},"line":126}},"branchMap":{"0":{"loc":{"start":{"line":28,"column":6},"end":{"line":28,"column":null}},"type":"default-arg","locations":[{"start":{"line":28,"column":14},"end":{"line":28,"column":null}}],"line":28},"1":{"loc":{"start":{"line":30,"column":6},"end":{"line":30,"column":null}},"type":"default-arg","locations":[{"start":{"line":30,"column":14},"end":{"line":30,"column":null}}],"line":30},"2":{"loc":{"start":{"line":41,"column":26},"end":{"line":41,"column":null}},"type":"binary-expr","locations":[{"start":{"line":41,"column":26},"end":{"line":41,"column":35}},{"start":{"line":41,"column":35},"end":{"line":41,"column":null}}],"line":41},"3":{"loc":{"start":{"line":47,"column":8},"end":{"line":54,"column":null}},"type":"if","locations":[{"start":{"line":47,"column":8},"end":{"line":54,"column":null}},{"start":{},"end":{}}],"line":47},"4":{"loc":{"start":{"line":47,"column":12},"end":{"line":47,"column":60}},"type":"binary-expr","locations":[{"start":{"line":47,"column":12},"end":{"line":47,"column":35}},{"start":{"line":47,"column":35},"end":{"line":47,"column":60}}],"line":47},"5":{"loc":{"start":{"line":49,"column":10},"end":{"line":53,"column":null}},"type":"if","locations":[{"start":{"line":49,"column":10},"end":{"line":53,"column":null}},{"start":{},"end":{}}],"line":49},"6":{"loc":{"start":{"line":65,"column":6},"end":{"line":65,"column":null}},"type":"cond-expr","locations":[{"start":{"line":65,"column":22},"end":{"line":65,"column":45}},{"start":{"line":65,"column":45},"end":{"line":65,"column":null}}],"line":65},"7":{"loc":{"start":{"line":66,"column":6},"end":{"line":66,"column":null}},"type":"binary-expr","locations":[{"start":{"line":66,"column":6},"end":{"line":66,"column":18}},{"start":{"line":66,"column":18},"end":{"line":66,"column":null}}],"line":66},"8":{"loc":{"start":{"line":77,"column":9},"end":{"line":81,"column":null}},"type":"binary-expr","locations":[{"start":{"line":77,"column":9},"end":{"line":77,"column":null}},{"start":{"line":78,"column":10},"end":{"line":81,"column":null}}],"line":77},"9":{"loc":{"start":{"line":78,"column":101},"end":{"line":78,"column":136}},"type":"binary-expr","locations":[{"start":{"line":78,"column":101},"end":{"line":78,"column":113}},{"start":{"line":78,"column":113},"end":{"line":78,"column":136}}],"line":78},"10":{"loc":{"start":{"line":80,"column":13},"end":{"line":80,"column":null}},"type":"binary-expr","locations":[{"start":{"line":80,"column":13},"end":{"line":80,"column":25}},{"start":{"line":80,"column":25},"end":{"line":80,"column":null}}],"line":80},"11":{"loc":{"start":{"line":134,"column":9},"end":{"line":137,"column":null}},"type":"binary-expr","locations":[{"start":{"line":134,"column":9},"end":{"line":134,"column":null}},{"start":{"line":135,"column":10},"end":{"line":137,"column":null}}],"line":134}},"s":{"0":1,"1":1,"2":1,"3":22,"4":22,"5":44,"6":44,"7":1,"8":1,"9":1,"10":1,"11":1,"12":44,"13":22,"14":22,"15":14,"16":1,"17":9,"18":9,"19":11,"20":1},"f":{"0":22,"1":44,"2":14,"3":1,"4":9,"5":9,"6":11},"b":{"0":[22],"1":[22],"2":[22,21],"3":[1,43],"4":[44,14],"5":[1,0],"6":[3,19],"7":[22,4],"8":[22,22],"9":[22,4],"10":[22,1],"11":[22,2]},"meta":{"lastBranch":12,"lastFunction":7,"lastStatement":21,"seen":{"s:15:87:21:Infinity":0,"s:23:36:23:Infinity":1,"s:25:13:142:Infinity":2,"f:26:2:26:Infinity":0,"b:28:14:28:Infinity":0,"b:30:14:30:Infinity":1,"s:41:26:41:Infinity":3,"b:41:26:41:35:41:35:41:Infinity":2,"s:43:10:59:Infinity":4,"f:44:6:44:7":1,"s:45:24:45:Infinity":5,"b:47:8:54:Infinity:undefined:undefined:undefined:undefined":3,"s:47:8:54:Infinity":6,"b:47:12:47:35:47:35:47:60":4,"s:48:25:48:Infinity":7,"b:49:10:53:Infinity:undefined:undefined:undefined:undefined":5,"s:49:10:53:Infinity":8,"s:50:12:50:Infinity":9,"s:51:12:51:Infinity":10,"s:52:12:52:Infinity":11,"s:56:8:56:Infinity":12,"s:61:10:67:Infinity":13,"b:65:22:65:45:65:45:65:Infinity":6,"b:66:6:66:18:66:18:66:Infinity":7,"s:69:4:139:Infinity":14,"b:77:9:77:Infinity:78:10:81:Infinity":8,"b:78:101:78:113:78:113:78:136":9,"b:80:13:80:25:80:25:80:Infinity":10,"f:90:22:90:23":2,"s:90:29:90:Infinity":15,"f:100:22:100:23":3,"s:100:29:100:Infinity":16,"f:109:22:109:23":4,"s:109:29:109:Infinity":17,"f:118:22:118:23":5,"s:118:29:118:Infinity":18,"f:126:22:126:23":6,"s:126:29:126:Infinity":19,"b:134:9:134:Infinity:135:10:137:Infinity":11,"s:144:0:144:Infinity":20}}}
,"/Users/debabratanayak_1/Documents/DesignSystem_211/src/app/react-core-package/src/components/Alert/Alert.tsx": {"path":"/Users/debabratanayak_1/Documents/DesignSystem_211/src/app/react-core-package/src/components/Alert/Alert.tsx","statementMap":{"0":{"start":{"line":19,"column":21},"end":{"line":24,"column":null}},"1":{"start":{"line":26,"column":13},"end":{"line":90,"column":null}},"2":{"start":{"line":42,"column":24},"end":{"line":42,"column":null}},"3":{"start":{"line":44,"column":4},"end":{"line":87,"column":null}},"4":{"start":{"line":92,"column":0},"end":{"line":92,"column":null}}},"fnMap":{"0":{"name":"(anonymous_0)","decl":{"start":{"line":27,"column":2},"end":{"line":27,"column":null}},"loc":{"start":{"line":41,"column":7},"end":{"line":89,"column":null}},"line":41}},"branchMap":{"0":{"loc":{"start":{"line":31,"column":6},"end":{"line":31,"column":null}},"type":"default-arg","locations":[{"start":{"line":31,"column":16},"end":{"line":31,"column":null}}],"line":31},"1":{"loc":{"start":{"line":35,"column":6},"end":{"line":35,"column":null}},"type":"default-arg","locations":[{"start":{"line":35,"column":17},"end":{"line":35,"column":null}}],"line":35},"2":{"loc":{"start":{"line":37,"column":6},"end":{"line":37,"column":null}},"type":"default-arg","locations":[{"start":{"line":37,"column":19},"end":{"line":37,"column":null}}],"line":37},"3":{"loc":{"start":{"line":42,"column":24},"end":{"line":42,"column":null}},"type":"binary-expr","locations":[{"start":{"line":42,"column":24},"end":{"line":42,"column":33}},{"start":{"line":42,"column":33},"end":{"line":42,"column":null}}],"line":42},"4":{"loc":{"start":{"line":55,"column":9},"end":{"line":58,"column":null}},"type":"binary-expr","locations":[{"start":{"line":55,"column":9},"end":{"line":55,"column":21}},{"start":{"line":55,"column":21},"end":{"line":55,"column":null}},{"start":{"line":56,"column":10},"end":{"line":58,"column":null}}],"line":55},"5":{"loc":{"start":{"line":62,"column":11},"end":{"line":65,"column":null}},"type":"binary-expr","locations":[{"start":{"line":62,"column":11},"end":{"line":62,"column":null}},{"start":{"line":63,"column":12},"end":{"line":65,"column":null}}],"line":62},"6":{"loc":{"start":{"line":68,"column":11},"end":{"line":71,"column":null}},"type":"binary-expr","locations":[{"start":{"line":68,"column":11},"end":{"line":68,"column":null}},{"start":{"line":69,"column":12},"end":{"line":71,"column":null}}],"line":68},"7":{"loc":{"start":{"line":77,"column":9},"end":{"line":85,"column":null}},"type":"binary-expr","locations":[{"start":{"line":77,"column":9},"end":{"line":77,"column":null}},{"start":{"line":78,"column":10},"end":{"line":85,"column":null}}],"line":77}},"s":{"0":1,"1":1,"2":26,"3":26,"4":1},"f":{"0":26},"b":{"0":[26],"1":[26],"2":[26],"3":[26,25],"4":[26,25,25],"5":[26,1],"6":[26,1],"7":[26,7]},"meta":{"lastBranch":8,"lastFunction":1,"lastStatement":5,"seen":{"s:19:21:24:Infinity":0,"s:26:13:90:Infinity":1,"f:27:2:27:Infinity":0,"b:31:16:31:Infinity":0,"b:35:17:35:Infinity":1,"b:37:19:37:Infinity":2,"s:42:24:42:Infinity":2,"b:42:24:42:33:42:33:42:Infinity":3,"s:44:4:87:Infinity":3,"b:55:9:55:21:55:21:55:Infinity:56:10:58:Infinity":4,"b:62:11:62:Infinity:63:12:65:Infinity":5,"b:68:11:68:Infinity:69:12:71:Infinity":6,"b:77:9:77:Infinity:78:10:85:Infinity":7,"s:92:0:92:Infinity":4}}}
,"/Users/debabratanayak_1/Documents/DesignSystem_211/src/app/react-core-package/src/components/ApplicationTracker/ApplicationTracker.tsx": {"path":"/Users/debabratanayak_1/Documents/DesignSystem_211/src/app/react-core-package/src/components/ApplicationTracker/ApplicationTracker.tsx","statementMap":{"0":{"start":{"line":23,"column":86},"end":{"line":28,"column":null}},"1":{"start":{"line":30,"column":48},"end":{"line":35,"column":null}},"2":{"start":{"line":37,"column":13},"end":{"line":134,"column":null}},"3":{"start":{"line":49,"column":23},"end":{"line":49,"column":null}},"4":{"start":{"line":51,"column":4},"end":{"line":131,"column":null}},"5":{"start":{"line":77,"column":26},"end":{"line":77,"column":null}},"6":{"start":{"line":78,"column":27},"end":{"line":78,"column":null}},"7":{"start":{"line":80,"column":12},"end":{"line":127,"column":null}},"8":{"start":{"line":136,"column":0},"end":{"line":136,"column":null}}},"fnMap":{"0":{"name":"(anonymous_0)","decl":{"start":{"line":38,"column":2},"end":{"line":38,"column":null}},"loc":{"start":{"line":48,"column":7},"end":{"line":133,"column":null}},"line":48},"1":{"name":"(anonymous_1)","decl":{"start":{"line":76,"column":21},"end":{"line":76,"column":22}},"loc":{"start":{"line":76,"column":36},"end":{"line":129,"column":11}},"line":76}},"branchMap":{"0":{"loc":{"start":{"line":43,"column":6},"end":{"line":43,"column":null}},"type":"default-arg","locations":[{"start":{"line":43,"column":20},"end":{"line":43,"column":null}}],"line":43},"1":{"loc":{"start":{"line":63,"column":11},"end":{"line":64,"column":null}},"type":"binary-expr","locations":[{"start":{"line":63,"column":11},"end":{"line":63,"column":null}},{"start":{"line":64,"column":12},"end":{"line":64,"column":null}}],"line":63},"2":{"loc":{"start":{"line":72,"column":12},"end":{"line":72,"column":null}},"type":"cond-expr","locations":[{"start":{"line":72,"column":25},"end":{"line":72,"column":49}},{"start":{"line":72,"column":49},"end":{"line":72,"column":null}}],"line":72},"3":{"loc":{"start":{"line":85,"column":18},"end":{"line":85,"column":null}},"type":"cond-expr","locations":[{"start":{"line":85,"column":31},"end":{"line":85,"column":61}},{"start":{"line":85,"column":61},"end":{"line":85,"column":null}}],"line":85},"4":{"loc":{"start":{"line":87,"column":30},"end":{"line":87,"column":null}},"type":"cond-expr","locations":[{"start":{"line":87,"column":58},"end":{"line":87,"column":67}},{"start":{"line":87,"column":67},"end":{"line":87,"column":null}}],"line":87},"5":{"loc":{"start":{"line":90,"column":17},"end":{"line":94,"column":null}},"type":"binary-expr","locations":[{"start":{"line":90,"column":17},"end":{"line":90,"column":28}},{"start":{"line":90,"column":28},"end":{"line":90,"column":null}},{"start":{"line":91,"column":18},"end":{"line":94,"column":null}}],"line":90},"6":{"loc":{"start":{"line":106,"column":19},"end":{"line":106,"column":null}},"type":"binary-expr","locations":[{"start":{"line":106,"column":19},"end":{"line":106,"column":32}},{"start":{"line":106,"column":32},"end":{"line":106,"column":null}}],"line":106},"7":{"loc":{"start":{"line":110,"column":35},"end":{"line":110,"column":82}},"type":"cond-expr","locations":[{"start":{"line":110,"column":48},"end":{"line":110,"column":64}},{"start":{"line":110,"column":64},"end":{"line":110,"column":82}}],"line":110},"8":{"loc":{"start":{"line":112,"column":19},"end":{"line":113,"column":null}},"type":"binary-expr","locations":[{"start":{"line":112,"column":19},"end":{"line":112,"column":null}},{"start":{"line":113,"column":20},"end":{"line":113,"column":null}}],"line":112},"9":{"loc":{"start":{"line":115,"column":19},"end":{"line":116,"column":null}},"type":"binary-expr","locations":[{"start":{"line":115,"column":19},"end":{"line":115,"column":null}},{"start":{"line":116,"column":20},"end":{"line":116,"column":null}}],"line":115},"10":{"loc":{"start":{"line":121,"column":17},"end":{"line":125,"column":null}},"type":"binary-expr","locations":[{"start":{"line":121,"column":17},"end":{"line":121,"column":28}},{"start":{"line":121,"column":28},"end":{"line":121,"column":null}},{"start":{"line":122,"column":18},"end":{"line":125,"column":null}}],"line":121}},"s":{"0":1,"1":1,"2":1,"3":14,"4":14,"5":51,"6":51,"7":51,"8":1},"f":{"0":14,"1":51},"b":{"0":[14],"1":[14,1],"2":[13,1],"3":[47,4],"4":[12,39],"5":[51,37,34],"6":[51,50],"7":[47,4],"8":[51,13],"9":[51,12],"10":[51,37,3]},"meta":{"lastBranch":11,"lastFunction":2,"lastStatement":9,"seen":{"s:23:86:28:Infinity":0,"s:30:48:35:Infinity":1,"s:37:13:134:Infinity":2,"f:38:2:38:Infinity":0,"b:43:20:43:Infinity":0,"s:49:23:49:Infinity":3,"s:51:4:131:Infinity":4,"b:63:11:63:Infinity:64:12:64:Infinity":1,"b:72:25:72:49:72:49:72:Infinity":2,"f:76:21:76:22":1,"s:77:26:77:Infinity":5,"s:78:27:78:Infinity":6,"s:80:12:127:Infinity":7,"b:85:31:85:61:85:61:85:Infinity":3,"b:87:58:87:67:87:67:87:Infinity":4,"b:90:17:90:28:90:28:90:Infinity:91:18:94:Infinity":5,"b:106:19:106:32:106:32:106:Infinity":6,"b:110:48:110:64:110:64:110:82":7,"b:112:19:112:Infinity:113:20:113:Infinity":8,"b:115:19:115:Infinity:116:20:116:Infinity":9,"b:121:17:121:28:121:28:121:Infinity:122:18:125:Infinity":10,"s:136:0:136:Infinity":8}}}
,"/Users/debabratanayak_1/Documents/DesignSystem_211/src/app/react-core-package/src/components/AspectRatio/AspectRatio.tsx": {"path":"/Users/debabratanayak_1/Documents/DesignSystem_211/src/app/react-core-package/src/components/AspectRatio/AspectRatio.tsx","statementMap":{"0":{"start":{"line":6,"column":2},"end":{"line":6,"column":null}},"1":{"start":{"line":6,"column":33},"end":{"line":6,"column":null}},"2":{"start":{"line":7,"column":16},"end":{"line":7,"column":null}},"3":{"start":{"line":8,"column":2},"end":{"line":8,"column":null}},"4":{"start":{"line":11,"column":13},"end":{"line":25,"column":null}},"5":{"start":{"line":13,"column":14},"end":{"line":13,"column":null}},"6":{"start":{"line":14,"column":4},"end":{"line":22,"column":null}},"7":{"start":{"line":27,"column":0},"end":{"line":27,"column":null}}},"fnMap":{"0":{"name":"parseRatio","decl":{"start":{"line":5,"column":9},"end":{"line":5,"column":20}},"loc":{"start":{"line":5,"column":52},"end":{"line":9,"column":null}},"line":5},"1":{"name":"(anonymous_1)","decl":{"start":{"line":12,"column":2},"end":{"line":12,"column":3}},"loc":{"start":{"line":12,"column":64},"end":{"line":24,"column":null}},"line":12}},"branchMap":{"0":{"loc":{"start":{"line":6,"column":2},"end":{"line":6,"column":null}},"type":"if","locations":[{"start":{"line":6,"column":2},"end":{"line":6,"column":null}},{"start":{},"end":{}}],"line":6},"1":{"loc":{"start":{"line":8,"column":9},"end":{"line":8,"column":null}},"type":"cond-expr","locations":[{"start":{"line":8,"column":42},"end":{"line":8,"column":64}},{"start":{"line":8,"column":64},"end":{"line":8,"column":null}}],"line":8},"2":{"loc":{"start":{"line":8,"column":9},"end":{"line":8,"column":42}},"type":"binary-expr","locations":[{"start":{"line":8,"column":9},"end":{"line":8,"column":31}},{"start":{"line":8,"column":31},"end":{"line":8,"column":42}}],"line":8},"3":{"loc":{"start":{"line":12,"column":15},"end":{"line":12,"column":26}},"type":"default-arg","locations":[{"start":{"line":12,"column":23},"end":{"line":12,"column":26}}],"line":12}},"s":{"0":6,"1":5,"2":1,"3":1,"4":1,"5":6,"6":6,"7":1},"f":{"0":6,"1":6},"b":{"0":[5,1],"1":[1,0],"2":[1,1],"3":[6]},"meta":{"lastBranch":4,"lastFunction":2,"lastStatement":8,"seen":{"f:5:9:5:20":0,"b:6:2:6:Infinity:undefined:undefined:undefined:undefined":0,"s:6:2:6:Infinity":0,"s:6:33:6:Infinity":1,"s:7:16:7:Infinity":2,"s:8:2:8:Infinity":3,"b:8:42:8:64:8:64:8:Infinity":1,"b:8:9:8:31:8:31:8:42":2,"s:11:13:25:Infinity":4,"f:12:2:12:3":1,"b:12:23:12:26":3,"s:13:14:13:Infinity":5,"s:14:4:22:Infinity":6,"s:27:0:27:Infinity":7}}}
,"/Users/debabratanayak_1/Documents/DesignSystem_211/src/app/react-core-package/src/components/Autocomplete/Autocomplete.tsx": {"path":"/Users/debabratanayak_1/Documents/DesignSystem_211/src/app/react-core-package/src/components/Autocomplete/Autocomplete.tsx","statementMap":{"0":{"start":{"line":22,"column":17},"end":{"line":24,"column":null}},"1":{"start":{"line":23,"column":25},"end":{"line":23,"column":55}},"2":{"start":{"line":26,"column":2},"end":{"line":26,"column":null}},"3":{"start":{"line":29,"column":13},"end":{"line":230,"column":null}},"4":{"start":{"line":53,"column":10},"end":{"line":53,"column":null}},"5":{"start":{"line":54,"column":42},"end":{"line":54,"column":null}},"6":{"start":{"line":55,"column":28},"end":{"line":55,"column":null}},"7":{"start":{"line":56,"column":48},"end":{"line":56,"column":null}},"8":{"start":{"line":57,"column":10},"end":{"line":57,"column":null}},"9":{"start":{"line":58,"column":10},"end":{"line":58,"column":null}},"10":{"start":{"line":59,"column":20},"end":{"line":59,"column":null}},"11":{"start":{"line":60,"column":29},"end":{"line":60,"column":null}},"12":{"start":{"line":61,"column":26},"end":{"line":61,"column":null}},"13":{"start":{"line":62,"column":29},"end":{"line":62,"column":null}},"14":{"start":{"line":63,"column":24},"end":{"line":63,"column":null}},"15":{"start":{"line":65,"column":18},"end":{"line":65,"column":null}},"16":{"start":{"line":66,"column":25},"end":{"line":66,"column":null}},"17":{"start":{"line":68,"column":28},"end":{"line":71,"column":null}},"18":{"start":{"line":69,"column":20},"end":{"line":69,"column":null}},"19":{"start":{"line":70,"column":6},"end":{"line":70,"column":null}},"20":{"start":{"line":73,"column":28},"end":{"line":75,"column":null}},"21":{"start":{"line":74,"column":27},"end":{"line":74,"column":87}},"22":{"start":{"line":77,"column":4},"end":{"line":86,"column":null}},"23":{"start":{"line":78,"column":33},"end":{"line":82,"column":null}},"24":{"start":{"line":79,"column":8},"end":{"line":81,"column":null}},"25":{"start":{"line":80,"column":10},"end":{"line":80,"column":null}},"26":{"start":{"line":84,"column":6},"end":{"line":84,"column":null}},"27":{"start":{"line":85,"column":6},"end":{"line":85,"column":null}},"28":{"start":{"line":85,"column":19},"end":{"line":85,"column":null}},"29":{"start":{"line":88,"column":25},"end":{"line":95,"column":null}},"30":{"start":{"line":89,"column":6},"end":{"line":91,"column":null}},"31":{"start":{"line":90,"column":8},"end":{"line":90,"column":null}},"32":{"start":{"line":92,"column":6},"end":{"line":92,"column":null}},"33":{"start":{"line":93,"column":6},"end":{"line":93,"column":null}},"34":{"start":{"line":94,"column":6},"end":{"line":94,"column":null}},"35":{"start":{"line":97,"column":25},"end":{"line":107,"column":null}},"36":{"start":{"line":98,"column":6},"end":{"line":98,"column":null}},"37":{"start":{"line":98,"column":27},"end":{"line":98,"column":null}},"38":{"start":{"line":99,"column":23},"end":{"line":99,"column":null}},"39":{"start":{"line":100,"column":6},"end":{"line":102,"column":null}},"40":{"start":{"line":101,"column":8},"end":{"line":101,"column":null}},"41":{"start":{"line":103,"column":6},"end":{"line":103,"column":null}},"42":{"start":{"line":104,"column":6},"end":{"line":104,"column":null}},"43":{"start":{"line":105,"column":6},"end":{"line":105,"column":null}},"44":{"start":{"line":106,"column":6},"end":{"line":106,"column":null}},"45":{"start":{"line":109,"column":26},"end":{"line":155,"column":null}},"46":{"start":{"line":110,"column":6},"end":{"line":117,"column":null}},"47":{"start":{"line":111,"column":8},"end":{"line":115,"column":null}},"48":{"start":{"line":112,"column":10},"end":{"line":112,"column":null}},"49":{"start":{"line":113,"column":10},"end":{"line":113,"column":null}},"50":{"start":{"line":114,"column":10},"end":{"line":114,"column":null}},"51":{"start":{"line":114,"column":68},"end":{"line":114,"column":84}},"52":{"start":{"line":116,"column":8},"end":{"line":116,"column":null}},"53":{"start":{"line":119,"column":6},"end":{"line":154,"column":null}},"54":{"start":{"line":121,"column":10},"end":{"line":121,"column":null}},"55":{"start":{"line":122,"column":10},"end":{"line":127,"column":null}},"56":{"start":{"line":123,"column":30},"end":{"line":123,"column":null}},"57":{"start":{"line":124,"column":12},"end":{"line":126,"column":null}},"58":{"start":{"line":125,"column":61},"end":{"line":125,"column":98}},"59":{"start":{"line":128,"column":10},"end":{"line":128,"column":null}},"60":{"start":{"line":130,"column":10},"end":{"line":130,"column":null}},"61":{"start":{"line":131,"column":10},"end":{"line":139,"column":null}},"62":{"start":{"line":132,"column":30},"end":{"line":132,"column":null}},"63":{"start":{"line":133,"column":12},"end":{"line":138,"column":null}},"64":{"start":{"line":135,"column":43},"end":{"line":135,"column":61}},"65":{"start":{"line":137,"column":47},"end":{"line":137,"column":84}},"66":{"start":{"line":140,"column":10},"end":{"line":140,"column":null}},"67":{"start":{"line":142,"column":10},"end":{"line":142,"column":null}},"68":{"start":{"line":143,"column":10},"end":{"line":145,"column":null}},"69":{"start":{"line":144,"column":12},"end":{"line":144,"column":null}},"70":{"start":{"line":146,"column":10},"end":{"line":146,"column":null}},"71":{"start":{"line":148,"column":10},"end":{"line":148,"column":null}},"72":{"start":{"line":149,"column":10},"end":{"line":149,"column":null}},"73":{"start":{"line":150,"column":10},"end":{"line":150,"column":null}},"74":{"start":{"line":152,"column":10},"end":{"line":152,"column":null}},"75":{"start":{"line":153,"column":10},"end":{"line":153,"column":null}},"76":{"start":{"line":158,"column":6},"end":{"line":160,"column":null}},"77":{"start":{"line":162,"column":4},"end":{"line":227,"column":null}},"78":{"start":{"line":175,"column":27},"end":{"line":175,"column":null}},"79":{"start":{"line":176,"column":25},"end":{"line":176,"column":null}},"80":{"start":{"line":202,"column":16},"end":{"line":218,"column":null}},"81":{"start":{"line":213,"column":42},"end":{"line":213,"column":null}},"82":{"start":{"line":214,"column":33},"end":{"line":214,"column":null}},"83":{"start":{"line":215,"column":38},"end":{"line":215,"column":null}},"84":{"start":{"line":232,"column":0},"end":{"line":232,"column":null}}},"fnMap":{"0":{"name":"mergeDescribedBy","decl":{"start":{"line":21,"column":9},"end":{"line":21,"column":29}},"loc":{"start":{"line":21,"column":84},"end":{"line":27,"column":null}},"line":21},"1":{"name":"(anonymous_1)","decl":{"start":{"line":23,"column":13},"end":{"line":23,"column":14}},"loc":{"start":{"line":23,"column":25},"end":{"line":23,"column":55}},"line":23},"2":{"name":"(anonymous_2)","decl":{"start":{"line":30,"column":2},"end":{"line":30,"column":null}},"loc":{"start":{"line":52,"column":7},"end":{"line":229,"column":null}},"line":52},"3":{"name":"(anonymous_3)","decl":{"start":{"line":68,"column":28},"end":{"line":68,"column":29}},"loc":{"start":{"line":68,"column":75},"end":{"line":71,"column":null}},"line":68},"4":{"name":"(anonymous_4)","decl":{"start":{"line":74,"column":14},"end":{"line":74,"column":15}},"loc":{"start":{"line":74,"column":27},"end":{"line":74,"column":87}},"line":74},"5":{"name":"(anonymous_5)","decl":{"start":{"line":77,"column":14},"end":{"line":77,"column":20}},"loc":{"start":{"line":77,"column":20},"end":{"line":86,"column":7}},"line":77},"6":{"name":"(anonymous_6)","decl":{"start":{"line":78,"column":33},"end":{"line":78,"column":34}},"loc":{"start":{"line":78,"column":67},"end":{"line":82,"column":null}},"line":78},"7":{"name":"(anonymous_7)","decl":{"start":{"line":85,"column":13},"end":{"line":85,"column":19}},"loc":{"start":{"line":85,"column":19},"end":{"line":85,"column":null}},"line":85},"8":{"name":"(anonymous_8)","decl":{"start":{"line":88,"column":25},"end":{"line":88,"column":26}},"loc":{"start":{"line":88,"column":47},"end":{"line":95,"column":null}},"line":88},"9":{"name":"(anonymous_9)","decl":{"start":{"line":97,"column":25},"end":{"line":97,"column":26}},"loc":{"start":{"line":97,"column":57},"end":{"line":107,"column":null}},"line":97},"10":{"name":"(anonymous_10)","decl":{"start":{"line":109,"column":26},"end":{"line":109,"column":27}},"loc":{"start":{"line":109,"column":52},"end":{"line":155,"column":null}},"line":109},"11":{"name":"(anonymous_11)","decl":{"start":{"line":114,"column":56},"end":{"line":114,"column":57}},"loc":{"start":{"line":114,"column":68},"end":{"line":114,"column":84}},"line":114},"12":{"name":"(anonymous_12)","decl":{"start":{"line":122,"column":30},"end":{"line":122,"column":31}},"loc":{"start":{"line":122,"column":40},"end":{"line":127,"column":11}},"line":122},"13":{"name":"(anonymous_13)","decl":{"start":{"line":125,"column":42},"end":{"line":125,"column":43}},"loc":{"start":{"line":125,"column":61},"end":{"line":125,"column":98}},"line":125},"14":{"name":"(anonymous_14)","decl":{"start":{"line":131,"column":30},"end":{"line":131,"column":31}},"loc":{"start":{"line":131,"column":40},"end":{"line":139,"column":11}},"line":131},"15":{"name":"(anonymous_15)","decl":{"start":{"line":135,"column":23},"end":{"line":135,"column":24}},"loc":{"start":{"line":135,"column":43},"end":{"line":135,"column":61}},"line":135},"16":{"name":"(anonymous_16)","decl":{"start":{"line":137,"column":24},"end":{"line":137,"column":25}},"loc":{"start":{"line":137,"column":47},"end":{"line":137,"column":84}},"line":137},"17":{"name":"(anonymous_17)","decl":{"start":{"line":175,"column":20},"end":{"line":175,"column":21}},"loc":{"start":{"line":175,"column":27},"end":{"line":175,"column":null}},"line":175},"18":{"name":"(anonymous_18)","decl":{"start":{"line":176,"column":19},"end":{"line":176,"column":25}},"loc":{"start":{"line":176,"column":25},"end":{"line":176,"column":null}},"line":176},"19":{"name":"(anonymous_19)","decl":{"start":{"line":201,"column":34},"end":{"line":201,"column":35}},"loc":{"start":{"line":202,"column":16},"end":{"line":218,"column":null}},"line":202},"20":{"name":"(anonymous_20)","decl":{"start":{"line":213,"column":31},"end":{"line":213,"column":32}},"loc":{"start":{"line":213,"column":42},"end":{"line":213,"column":null}},"line":213},"21":{"name":"(anonymous_21)","decl":{"start":{"line":214,"column":27},"end":{"line":214,"column":33}},"loc":{"start":{"line":214,"column":33},"end":{"line":214,"column":null}},"line":214},"22":{"name":"(anonymous_22)","decl":{"start":{"line":215,"column":32},"end":{"line":215,"column":38}},"loc":{"start":{"line":215,"column":38},"end":{"line":215,"column":null}},"line":215}},"branchMap":{"0":{"loc":{"start":{"line":23,"column":25},"end":{"line":23,"column":55}},"type":"cond-expr","locations":[{"start":{"line":23,"column":33},"end":{"line":23,"column":52}},{"start":{"line":23,"column":52},"end":{"line":23,"column":55}}],"line":23},"1":{"loc":{"start":{"line":26,"column":9},"end":{"line":26,"column":null}},"type":"cond-expr","locations":[{"start":{"line":26,"column":29},"end":{"line":26,"column":69}},{"start":{"line":26,"column":69},"end":{"line":26,"column":null}}],"line":26},"2":{"loc":{"start":{"line":34,"column":6},"end":{"line":34,"column":null}},"type":"default-arg","locations":[{"start":{"line":34,"column":21},"end":{"line":34,"column":null}}],"line":34},"3":{"loc":{"start":{"line":38,"column":6},"end":{"line":38,"column":null}},"type":"default-arg","locations":[{"start":{"line":38,"column":16},"end":{"line":38,"column":null}}],"line":38},"4":{"loc":{"start":{"line":39,"column":6},"end":{"line":39,"column":null}},"type":"default-arg","locations":[{"start":{"line":39,"column":21},"end":{"line":39,"column":null}}],"line":39},"5":{"loc":{"start":{"line":40,"column":6},"end":{"line":40,"column":null}},"type":"default-arg","locations":[{"start":{"line":40,"column":19},"end":{"line":40,"column":null}}],"line":40},"6":{"loc":{"start":{"line":41,"column":6},"end":{"line":41,"column":null}},"type":"default-arg","locations":[{"start":{"line":41,"column":13},"end":{"line":41,"column":null}}],"line":41},"7":{"loc":{"start":{"line":59,"column":20},"end":{"line":59,"column":null}},"type":"binary-expr","locations":[{"start":{"line":59,"column":20},"end":{"line":59,"column":26}},{"start":{"line":59,"column":26},"end":{"line":59,"column":null}}],"line":59},"8":{"loc":{"start":{"line":60,"column":29},"end":{"line":60,"column":null}},"type":"binary-expr","locations":[{"start":{"line":60,"column":29},"end":{"line":60,"column":41}},{"start":{"line":60,"column":41},"end":{"line":60,"column":60}},{"start":{"line":60,"column":60},"end":{"line":60,"column":null}}],"line":60},"9":{"loc":{"start":{"line":61,"column":26},"end":{"line":61,"column":null}},"type":"binary-expr","locations":[{"start":{"line":61,"column":26},"end":{"line":61,"column":35}},{"start":{"line":61,"column":35},"end":{"line":61,"column":53}},{"start":{"line":61,"column":53},"end":{"line":61,"column":null}}],"line":61},"10":{"loc":{"start":{"line":62,"column":29},"end":{"line":62,"column":null}},"type":"binary-expr","locations":[{"start":{"line":62,"column":29},"end":{"line":62,"column":41}},{"start":{"line":62,"column":41},"end":{"line":62,"column":60}},{"start":{"line":62,"column":60},"end":{"line":62,"column":null}}],"line":62},"11":{"loc":{"start":{"line":65,"column":18},"end":{"line":65,"column":null}},"type":"binary-expr","locations":[{"start":{"line":65,"column":18},"end":{"line":65,"column":37}},{"start":{"line":65,"column":37},"end":{"line":65,"column":null}}],"line":65},"12":{"loc":{"start":{"line":69,"column":20},"end":{"line":69,"column":null}},"type":"cond-expr","locations":[{"start":{"line":69,"column":55},"end":{"line":69,"column":70}},{"start":{"line":69,"column":70},"end":{"line":69,"column":null}}],"line":69},"13":{"loc":{"start":{"line":74,"column":27},"end":{"line":74,"column":87}},"type":"cond-expr","locations":[{"start":{"line":74,"column":27},"end":{"line":74,"column":82}},{"start":{"line":74,"column":82},"end":{"line":74,"column":87}}],"line":74},"14":{"loc":{"start":{"line":74,"column":36},"end":{"line":74,"column":65}},"type":"binary-expr","locations":[{"start":{"line":74,"column":36},"end":{"line":74,"column":48}},{"start":{"line":74,"column":48},"end":{"line":74,"column":65}}],"line":74},"15":{"loc":{"start":{"line":79,"column":8},"end":{"line":81,"column":null}},"type":"if","locations":[{"start":{"line":79,"column":8},"end":{"line":81,"column":null}},{"start":{},"end":{}}],"line":79},"16":{"loc":{"start":{"line":79,"column":12},"end":{"line":79,"column":86}},"type":"binary-expr","locations":[{"start":{"line":79,"column":12},"end":{"line":79,"column":34}},{"start":{"line":79,"column":34},"end":{"line":79,"column":86}}],"line":79},"17":{"loc":{"start":{"line":89,"column":6},"end":{"line":91,"column":null}},"type":"if","locations":[{"start":{"line":89,"column":6},"end":{"line":91,"column":null}},{"start":{},"end":{}}],"line":89},"18":{"loc":{"start":{"line":94,"column":26},"end":{"line":94,"column":61}},"type":"cond-expr","locations":[{"start":{"line":94,"column":55},"end":{"line":94,"column":59}},{"start":{"line":94,"column":59},"end":{"line":94,"column":61}}],"line":94},"19":{"loc":{"start":{"line":98,"column":6},"end":{"line":98,"column":null}},"type":"if","locations":[{"start":{"line":98,"column":6},"end":{"line":98,"column":null}},{"start":{},"end":{}}],"line":98},"20":{"loc":{"start":{"line":99,"column":23},"end":{"line":99,"column":null}},"type":"cond-expr","locations":[{"start":{"line":99,"column":58},"end":{"line":99,"column":73}},{"start":{"line":99,"column":73},"end":{"line":99,"column":null}}],"line":99},"21":{"loc":{"start":{"line":100,"column":6},"end":{"line":102,"column":null}},"type":"if","locations":[{"start":{"line":100,"column":6},"end":{"line":102,"column":null}},{"start":{},"end":{}}],"line":100},"22":{"loc":{"start":{"line":110,"column":6},"end":{"line":117,"column":null}},"type":"if","locations":[{"start":{"line":110,"column":6},"end":{"line":117,"column":null}},{"start":{},"end":{}}],"line":110},"23":{"loc":{"start":{"line":111,"column":8},"end":{"line":115,"column":null}},"type":"if","locations":[{"start":{"line":111,"column":8},"end":{"line":115,"column":null}},{"start":{},"end":{}}],"line":111},"24":{"loc":{"start":{"line":119,"column":6},"end":{"line":154,"column":null}},"type":"switch","locations":[{"start":{"line":120,"column":8},"end":{"line":128,"column":null}},{"start":{"line":129,"column":8},"end":{"line":140,"column":null}},{"start":{"line":141,"column":8},"end":{"line":146,"column":null}},{"start":{"line":147,"column":8},"end":{"line":150,"column":null}},{"start":{"line":151,"column":8},"end":{"line":153,"column":null}}],"line":119},"25":{"loc":{"start":{"line":123,"column":30},"end":{"line":123,"column":null}},"type":"cond-expr","locations":[{"start":{"line":123,"column":66},"end":{"line":123,"column":77}},{"start":{"line":123,"column":77},"end":{"line":123,"column":null}}],"line":123},"26":{"loc":{"start":{"line":124,"column":19},"end":{"line":126,"column":null}},"type":"cond-expr","locations":[{"start":{"line":125,"column":16},"end":{"line":125,"column":null}},{"start":{"line":126,"column":16},"end":{"line":126,"column":null}}],"line":124},"27":{"loc":{"start":{"line":125,"column":61},"end":{"line":125,"column":98}},"type":"binary-expr","locations":[{"start":{"line":125,"column":61},"end":{"line":125,"column":82}},{"start":{"line":125,"column":82},"end":{"line":125,"column":98}}],"line":125},"28":{"loc":{"start":{"line":132,"column":30},"end":{"line":132,"column":null}},"type":"cond-expr","locations":[{"start":{"line":132,"column":41},"end":{"line":132,"column":52}},{"start":{"line":132,"column":52},"end":{"line":132,"column":null}}],"line":132},"29":{"loc":{"start":{"line":133,"column":19},"end":{"line":138,"column":null}},"type":"cond-expr","locations":[{"start":{"line":134,"column":16},"end":{"line":137,"column":null}},{"start":{"line":138,"column":16},"end":{"line":138,"column":null}}],"line":133},"30":{"loc":{"start":{"line":134,"column":16},"end":{"line":137,"column":null}},"type":"binary-expr","locations":[{"start":{"line":134,"column":16},"end":{"line":137,"column":96}},{"start":{"line":137,"column":96},"end":{"line":137,"column":null}}],"line":134},"31":{"loc":{"start":{"line":137,"column":47},"end":{"line":137,"column":84}},"type":"binary-expr","locations":[{"start":{"line":137,"column":47},"end":{"line":137,"column":68}},{"start":{"line":137,"column":68},"end":{"line":137,"column":84}}],"line":137},"32":{"loc":{"start":{"line":143,"column":10},"end":{"line":145,"column":null}},"type":"if","locations":[{"start":{"line":143,"column":10},"end":{"line":145,"column":null}},{"start":{},"end":{}}],"line":143},"33":{"loc":{"start":{"line":143,"column":14},"end":{"line":143,"column":74}},"type":"binary-expr","locations":[{"start":{"line":143,"column":14},"end":{"line":143,"column":39}},{"start":{"line":143,"column":39},"end":{"line":143,"column":74}}],"line":143},"34":{"loc":{"start":{"line":158,"column":6},"end":{"line":160,"column":null}},"type":"cond-expr","locations":[{"start":{"line":159,"column":10},"end":{"line":159,"column":null}},{"start":{"line":160,"column":10},"end":{"line":160,"column":null}}],"line":158},"35":{"loc":{"start":{"line":158,"column":6},"end":{"line":158,"column":null}},"type":"binary-expr","locations":[{"start":{"line":158,"column":6},"end":{"line":158,"column":31}},{"start":{"line":158,"column":31},"end":{"line":158,"column":null}}],"line":158},"36":{"loc":{"start":{"line":171,"column":12},"end":{"line":171,"column":null}},"type":"binary-expr","locations":[{"start":{"line":171,"column":12},"end":{"line":171,"column":29}},{"start":{"line":171,"column":29},"end":{"line":171,"column":null}}],"line":171},"37":{"loc":{"start":{"line":172,"column":12},"end":{"line":172,"column":null}},"type":"binary-expr","locations":[{"start":{"line":172,"column":12},"end":{"line":172,"column":32}},{"start":{"line":172,"column":32},"end":{"line":172,"column":null}}],"line":172},"38":{"loc":{"start":{"line":184,"column":33},"end":{"line":184,"column":null}},"type":"cond-expr","locations":[{"start":{"line":184,"column":42},"end":{"line":184,"column":57}},{"start":{"line":184,"column":57},"end":{"line":184,"column":null}}],"line":184},"39":{"loc":{"start":{"line":186,"column":24},"end":{"line":186,"column":null}},"type":"binary-expr","locations":[{"start":{"line":186,"column":24},"end":{"line":186,"column":39}},{"start":{"line":186,"column":39},"end":{"line":186,"column":null}}],"line":186},"40":{"loc":{"start":{"line":190,"column":9},"end":{"line":225,"column":null}},"type":"binary-expr","locations":[{"start":{"line":190,"column":9},"end":{"line":190,"column":null}},{"start":{"line":191,"column":10},"end":{"line":225,"column":null}}],"line":190},"41":{"loc":{"start":{"line":196,"column":13},"end":{"line":223,"column":null}},"type":"cond-expr","locations":[{"start":{"line":197,"column":14},"end":{"line":199,"column":null}},{"start":{"line":200,"column":16},"end":{"line":223,"column":null}}],"line":196},"42":{"loc":{"start":{"line":200,"column":16},"end":{"line":223,"column":null}},"type":"cond-expr","locations":[{"start":{"line":201,"column":14},"end":{"line":219,"column":null}},{"start":{"line":221,"column":14},"end":{"line":223,"column":null}}],"line":200},"43":{"loc":{"start":{"line":207,"column":33},"end":{"line":207,"column":null}},"type":"binary-expr","locations":[{"start":{"line":207,"column":33},"end":{"line":207,"column":52}},{"start":{"line":207,"column":52},"end":{"line":207,"column":null}}],"line":207},"44":{"loc":{"start":{"line":210,"column":20},"end":{"line":210,"column":null}},"type":"binary-expr","locations":[{"start":{"line":210,"column":20},"end":{"line":210,"column":50}},{"start":{"line":210,"column":50},"end":{"line":210,"column":null}}],"line":210},"45":{"loc":{"start":{"line":211,"column":20},"end":{"line":211,"column":null}},"type":"binary-expr","locations":[{"start":{"line":211,"column":20},"end":{"line":211,"column":39}},{"start":{"line":211,"column":39},"end":{"line":211,"column":null}}],"line":211},"46":{"loc":{"start":{"line":215,"column":38},"end":{"line":215,"column":null}},"type":"binary-expr","locations":[{"start":{"line":215,"column":38},"end":{"line":215,"column":58}},{"start":{"line":215,"column":58},"end":{"line":215,"column":null}}],"line":215}},"s":{"0":78,"1":156,"2":78,"3":1,"4":79,"5":79,"6":79,"7":79,"8":79,"9":79,"10":79,"11":79,"12":79,"13":79,"14":79,"15":79,"16":79,"17":79,"18":48,"19":48,"20":79,"21":261,"22":79,"23":27,"24":18,"25":1,"26":27,"27":27,"28":27,"29":79,"30":14,"31":14,"32":14,"33":14,"34":14,"35":79,"36":3,"37":1,"38":2,"39":3,"40":2,"41":2,"42":3,"43":3,"44":3,"45":79,"46":30,"47":0,"48":0,"49":0,"50":0,"51":0,"52":0,"53":30,"54":11,"55":11,"56":11,"57":11,"58":0,"59":11,"60":1,"61":1,"62":1,"63":1,"64":0,"65":0,"66":1,"67":2,"68":2,"69":2,"70":2,"71":1,"72":1,"73":1,"74":1,"75":1,"76":79,"77":79,"78":14,"79":19,"80":95,"81":1,"82":1,"83":2,"84":1},"f":{"0":78,"1":156,"2":79,"3":48,"4":261,"5":27,"6":18,"7":27,"8":14,"9":3,"10":30,"11":0,"12":11,"13":0,"14":1,"15":0,"16":0,"17":14,"18":19,"19":95,"20":1,"21":1,"22":2},"b":{"0":[1,155],"1":[1,77],"2":[79],"3":[79],"4":[79],"5":[79],"6":[79],"7":[79,78],"8":[79,76,75],"9":[79,77,76],"10":[79,78,77],"11":[79,78],"12":[48,0],"13":[51,210],"14":[51,48],"15":[1,17],"16":[18,18],"17":[14,0],"18":[6,8],"19":[1,2],"20":[2,0],"21":[2,1],"22":[0,30],"23":[0,0],"24":[11,1,2,1,1],"25":[10,1],"26":[0,11],"27":[0,0],"28":[1,0],"29":[0,1],"30":[0,0],"31":[0,0],"32":[2,0],"33":[2,2],"34":[17,61],"35":[79,19],"36":[79,1],"37":[79,2],"38":[46,32],"39":[79,77],"40":[79,46],"41":[1,45],"42":[35,10],"43":[95,94],"44":[95,17],"45":[95,1],"46":[2,1]},"meta":{"lastBranch":47,"lastFunction":23,"lastStatement":85,"seen":{"f:21:9:21:29":0,"s:22:17:24:Infinity":0,"f:23:13:23:14":1,"s:23:25:23:55":1,"b:23:33:23:52:23:52:23:55":0,"s:26:2:26:Infinity":2,"b:26:29:26:69:26:69:26:Infinity":1,"s:29:13:230:Infinity":3,"f:30:2:30:Infinity":2,"b:34:21:34:Infinity":2,"b:38:16:38:Infinity":3,"b:39:21:39:Infinity":4,"b:40:19:40:Infinity":5,"b:41:13:41:Infinity":6,"s:53:10:53:Infinity":4,"s:54:42:54:Infinity":5,"s:55:28:55:Infinity":6,"s:56:48:56:Infinity":7,"s:57:10:57:Infinity":8,"s:58:10:58:Infinity":9,"s:59:20:59:Infinity":10,"b:59:20:59:26:59:26:59:Infinity":7,"s:60:29:60:Infinity":11,"b:60:29:60:41:60:41:60:60:60:60:60:Infinity":8,"s:61:26:61:Infinity":12,"b:61:26:61:35:61:35:61:53:61:53:61:Infinity":9,"s:62:29:62:Infinity":13,"b:62:29:62:41:62:41:62:60:62:60:62:Infinity":10,"s:63:24:63:Infinity":14,"s:65:18:65:Infinity":15,"b:65:18:65:37:65:37:65:Infinity":11,"s:66:25:66:Infinity":16,"s:68:28:71:Infinity":17,"f:68:28:68:29":3,"s:69:20:69:Infinity":18,"b:69:55:69:70:69:70:69:Infinity":12,"s:70:6:70:Infinity":19,"s:73:28:75:Infinity":20,"f:74:14:74:15":4,"s:74:27:74:87":21,"b:74:27:74:82:74:82:74:87":13,"b:74:36:74:48:74:48:74:65":14,"s:77:4:86:Infinity":22,"f:77:14:77:20":5,"s:78:33:82:Infinity":23,"f:78:33:78:34":6,"b:79:8:81:Infinity:undefined:undefined:undefined:undefined":15,"s:79:8:81:Infinity":24,"b:79:12:79:34:79:34:79:86":16,"s:80:10:80:Infinity":25,"s:84:6:84:Infinity":26,"s:85:6:85:Infinity":27,"f:85:13:85:19":7,"s:85:19:85:Infinity":28,"s:88:25:95:Infinity":29,"f:88:25:88:26":8,"b:89:6:91:Infinity:undefined:undefined:undefined:undefined":17,"s:89:6:91:Infinity":30,"s:90:8:90:Infinity":31,"s:92:6:92:Infinity":32,"s:93:6:93:Infinity":33,"s:94:6:94:Infinity":34,"b:94:55:94:59:94:59:94:61":18,"s:97:25:107:Infinity":35,"f:97:25:97:26":9,"b:98:6:98:Infinity:undefined:undefined:undefined:undefined":19,"s:98:6:98:Infinity":36,"s:98:27:98:Infinity":37,"s:99:23:99:Infinity":38,"b:99:58:99:73:99:73:99:Infinity":20,"b:100:6:102:Infinity:undefined:undefined:undefined:undefined":21,"s:100:6:102:Infinity":39,"s:101:8:101:Infinity":40,"s:103:6:103:Infinity":41,"s:104:6:104:Infinity":42,"s:105:6:105:Infinity":43,"s:106:6:106:Infinity":44,"s:109:26:155:Infinity":45,"f:109:26:109:27":10,"b:110:6:117:Infinity:undefined:undefined:undefined:undefined":22,"s:110:6:117:Infinity":46,"b:111:8:115:Infinity:undefined:undefined:undefined:undefined":23,"s:111:8:115:Infinity":47,"s:112:10:112:Infinity":48,"s:113:10:113:Infinity":49,"s:114:10:114:Infinity":50,"f:114:56:114:57":11,"s:114:68:114:84":51,"s:116:8:116:Infinity":52,"b:120:8:128:Infinity:129:8:140:Infinity:141:8:146:Infinity:147:8:150:Infinity:151:8:153:Infinity":24,"s:119:6:154:Infinity":53,"s:121:10:121:Infinity":54,"s:122:10:127:Infinity":55,"f:122:30:122:31":12,"s:123:30:123:Infinity":56,"b:123:66:123:77:123:77:123:Infinity":25,"s:124:12:126:Infinity":57,"b:125:16:125:Infinity:126:16:126:Infinity":26,"f:125:42:125:43":13,"s:125:61:125:98":58,"b:125:61:125:82:125:82:125:98":27,"s:128:10:128:Infinity":59,"s:130:10:130:Infinity":60,"s:131:10:139:Infinity":61,"f:131:30:131:31":14,"s:132:30:132:Infinity":62,"b:132:41:132:52:132:52:132:Infinity":28,"s:133:12:138:Infinity":63,"b:134:16:137:Infinity:138:16:138:Infinity":29,"b:134:16:137:96:137:96:137:Infinity":30,"f:135:23:135:24":15,"s:135:43:135:61":64,"f:137:24:137:25":16,"s:137:47:137:84":65,"b:137:47:137:68:137:68:137:84":31,"s:140:10:140:Infinity":66,"s:142:10:142:Infinity":67,"b:143:10:145:Infinity:undefined:undefined:undefined:undefined":32,"s:143:10:145:Infinity":68,"b:143:14:143:39:143:39:143:74":33,"s:144:12:144:Infinity":69,"s:146:10:146:Infinity":70,"s:148:10:148:Infinity":71,"s:149:10:149:Infinity":72,"s:150:10:150:Infinity":73,"s:152:10:152:Infinity":74,"s:153:10:153:Infinity":75,"s:158:6:160:Infinity":76,"b:159:10:159:Infinity:160:10:160:Infinity":34,"b:158:6:158:31:158:31:158:Infinity":35,"s:162:4:227:Infinity":77,"b:171:12:171:29:171:29:171:Infinity":36,"b:172:12:172:32:172:32:172:Infinity":37,"f:175:20:175:21":17,"s:175:27:175:Infinity":78,"f:176:19:176:25":18,"s:176:25:176:Infinity":79,"b:184:42:184:57:184:57:184:Infinity":38,"b:186:24:186:39:186:39:186:Infinity":39,"b:190:9:190:Infinity:191:10:225:Infinity":40,"b:197:14:199:Infinity:200:16:223:Infinity":41,"b:201:14:219:Infinity:221:14:223:Infinity":42,"f:201:34:201:35":19,"s:202:16:218:Infinity":80,"b:207:33:207:52:207:52:207:Infinity":43,"b:210:20:210:50:210:50:210:Infinity":44,"b:211:20:211:39:211:39:211:Infinity":45,"f:213:31:213:32":20,"s:213:42:213:Infinity":81,"f:214:27:214:33":21,"s:214:33:214:Infinity":82,"f:215:32:215:38":22,"s:215:38:215:Infinity":83,"b:215:38:215:58:215:58:215:Infinity":46,"s:232:0:232:Infinity":84}}}
,"/Users/debabratanayak_1/Documents/DesignSystem_211/src/app/react-core-package/src/components/Avatar/Avatar.tsx": {"path":"/Users/debabratanayak_1/Documents/DesignSystem_211/src/app/react-core-package/src/components/Avatar/Avatar.tsx","statementMap":{"0":{"start":{"line":5,"column":13},"end":{"line":36,"column":null}},"1":{"start":{"line":7,"column":32},"end":{"line":7,"column":null}},"2":{"start":{"line":9,"column":24},"end":{"line":11,"column":null}},"3":{"start":{"line":10,"column":6},"end":{"line":10,"column":null}},"4":{"start":{"line":10,"column":38},"end":{"line":10,"column":42}},"5":{"start":{"line":13,"column":4},"end":{"line":33,"column":null}},"6":{"start":{"line":25,"column":58},"end":{"line":25,"column":77}},"7":{"start":{"line":38,"column":0},"end":{"line":38,"column":null}}},"fnMap":{"0":{"name":"(anonymous_0)","decl":{"start":{"line":6,"column":2},"end":{"line":6,"column":3}},"loc":{"start":{"line":6,"column":83},"end":{"line":35,"column":null}},"line":6},"1":{"name":"(anonymous_1)","decl":{"start":{"line":9,"column":24},"end":{"line":9,"column":25}},"loc":{"start":{"line":9,"column":42},"end":{"line":11,"column":null}},"line":9},"2":{"name":"(anonymous_2)","decl":{"start":{"line":10,"column":33},"end":{"line":10,"column":38}},"loc":{"start":{"line":10,"column":38},"end":{"line":10,"column":42}},"line":10},"3":{"name":"(anonymous_3)","decl":{"start":{"line":25,"column":52},"end":{"line":25,"column":58}},"loc":{"start":{"line":25,"column":58},"end":{"line":25,"column":77}},"line":25}},"branchMap":{"0":{"loc":{"start":{"line":6,"column":15},"end":{"line":6,"column":28}},"type":"default-arg","locations":[{"start":{"line":6,"column":22},"end":{"line":6,"column":28}}],"line":6},"1":{"loc":{"start":{"line":6,"column":34},"end":{"line":6,"column":52}},"type":"default-arg","locations":[{"start":{"line":6,"column":42},"end":{"line":6,"column":52}}],"line":6},"2":{"loc":{"start":{"line":24,"column":9},"end":{"line":31,"column":null}},"type":"cond-expr","locations":[{"start":{"line":25,"column":10},"end":{"line":25,"column":null}},{"start":{"line":26,"column":12},"end":{"line":31,"column":null}}],"line":24},"3":{"loc":{"start":{"line":24,"column":9},"end":{"line":24,"column":null}},"type":"binary-expr","locations":[{"start":{"line":24,"column":9},"end":{"line":24,"column":16}},{"start":{"line":24,"column":16},"end":{"line":24,"column":null}}],"line":24},"4":{"loc":{"start":{"line":25,"column":30},"end":{"line":25,"column":43}},"type":"binary-expr","locations":[{"start":{"line":25,"column":30},"end":{"line":25,"column":37}},{"start":{"line":25,"column":37},"end":{"line":25,"column":43}}],"line":25},"5":{"loc":{"start":{"line":26,"column":12},"end":{"line":31,"column":null}},"type":"cond-expr","locations":[{"start":{"line":27,"column":10},"end":{"line":27,"column":null}},{"start":{"line":29,"column":10},"end":{"line":31,"column":null}}],"line":26}},"s":{"0":1,"1":22,"2":22,"3":15,"4":22,"5":22,"6":1,"7":1},"f":{"0":22,"1":15,"2":22,"3":1},"b":{"0":[22],"1":[22],"2":[5,17],"3":[22,6],"4":[5,2],"5":[15,2]},"meta":{"lastBranch":6,"lastFunction":4,"lastStatement":8,"seen":{"s:5:13:36:Infinity":0,"f:6:2:6:3":0,"b:6:22:6:28":0,"b:6:42:6:52":1,"s:7:32:7:Infinity":1,"s:9:24:11:Infinity":2,"f:9:24:9:25":1,"s:10:6:10:Infinity":3,"f:10:33:10:38":2,"s:10:38:10:42":4,"s:13:4:33:Infinity":5,"b:25:10:25:Infinity:26:12:31:Infinity":2,"b:24:9:24:16:24:16:24:Infinity":3,"b:25:30:25:37:25:37:25:43":4,"f:25:52:25:58":3,"s:25:58:25:77":6,"b:27:10:27:Infinity:29:10:31:Infinity":5,"s:38:0:38:Infinity":7}}}
,"/Users/debabratanayak_1/Documents/DesignSystem_211/src/app/react-core-package/src/components/BackToTop/BackToTop.tsx": {"path":"/Users/debabratanayak_1/Documents/DesignSystem_211/src/app/react-core-package/src/components/BackToTop/BackToTop.tsx","statementMap":{"0":{"start":{"line":5,"column":13},"end":{"line":39,"column":null}},"1":{"start":{"line":7,"column":30},"end":{"line":7,"column":null}},"2":{"start":{"line":9,"column":4},"end":{"line":13,"column":null}},"3":{"start":{"line":10,"column":23},"end":{"line":10,"column":null}},"4":{"start":{"line":10,"column":29},"end":{"line":10,"column":null}},"5":{"start":{"line":11,"column":6},"end":{"line":11,"column":null}},"6":{"start":{"line":12,"column":6},"end":{"line":12,"column":null}},"7":{"start":{"line":12,"column":19},"end":{"line":12,"column":null}},"8":{"start":{"line":15,"column":4},"end":{"line":15,"column":null}},"9":{"start":{"line":15,"column":18},"end":{"line":15,"column":null}},"10":{"start":{"line":17,"column":4},"end":{"line":36,"column":null}},"11":{"start":{"line":21,"column":23},"end":{"line":21,"column":null}},"12":{"start":{"line":41,"column":0},"end":{"line":41,"column":null}}},"fnMap":{"0":{"name":"(anonymous_0)","decl":{"start":{"line":6,"column":2},"end":{"line":6,"column":3}},"loc":{"start":{"line":6,"column":76},"end":{"line":38,"column":null}},"line":6},"1":{"name":"(anonymous_1)","decl":{"start":{"line":9,"column":14},"end":{"line":9,"column":20}},"loc":{"start":{"line":9,"column":20},"end":{"line":13,"column":7}},"line":9},"2":{"name":"(anonymous_2)","decl":{"start":{"line":10,"column":23},"end":{"line":10,"column":29}},"loc":{"start":{"line":10,"column":29},"end":{"line":10,"column":null}},"line":10},"3":{"name":"(anonymous_3)","decl":{"start":{"line":12,"column":13},"end":{"line":12,"column":19}},"loc":{"start":{"line":12,"column":19},"end":{"line":12,"column":null}},"line":12},"4":{"name":"(anonymous_4)","decl":{"start":{"line":21,"column":17},"end":{"line":21,"column":23}},"loc":{"start":{"line":21,"column":23},"end":{"line":21,"column":null}},"line":21}},"branchMap":{"0":{"loc":{"start":{"line":6,"column":5},"end":{"line":6,"column":22}},"type":"default-arg","locations":[{"start":{"line":6,"column":17},"end":{"line":6,"column":22}}],"line":6},"1":{"loc":{"start":{"line":6,"column":22},"end":{"line":6,"column":45}},"type":"default-arg","locations":[{"start":{"line":6,"column":30},"end":{"line":6,"column":45}}],"line":6},"2":{"loc":{"start":{"line":15,"column":4},"end":{"line":15,"column":null}},"type":"if","locations":[{"start":{"line":15,"column":4},"end":{"line":15,"column":null}},{"start":{},"end":{}}],"line":15}},"s":{"0":1,"1":7,"2":7,"3":4,"4":3,"5":4,"6":4,"7":4,"8":7,"9":4,"10":3,"11":1,"12":1},"f":{"0":7,"1":4,"2":3,"3":4,"4":1},"b":{"0":[7],"1":[7],"2":[4,3]},"meta":{"lastBranch":3,"lastFunction":5,"lastStatement":13,"seen":{"s:5:13:39:Infinity":0,"f:6:2:6:3":0,"b:6:17:6:22":0,"b:6:30:6:45":1,"s:7:30:7:Infinity":1,"s:9:4:13:Infinity":2,"f:9:14:9:20":1,"s:10:23:10:Infinity":3,"f:10:23:10:29":2,"s:10:29:10:Infinity":4,"s:11:6:11:Infinity":5,"s:12:6:12:Infinity":6,"f:12:13:12:19":3,"s:12:19:12:Infinity":7,"b:15:4:15:Infinity:undefined:undefined:undefined:undefined":2,"s:15:4:15:Infinity":8,"s:15:18:15:Infinity":9,"s:17:4:36:Infinity":10,"f:21:17:21:23":4,"s:21:23:21:Infinity":11,"s:41:0:41:Infinity":12}}}
,"/Users/debabratanayak_1/Documents/DesignSystem_211/src/app/react-core-package/src/components/Badge/Badge.tsx": {"path":"/Users/debabratanayak_1/Documents/DesignSystem_211/src/app/react-core-package/src/components/Badge/Badge.tsx","statementMap":{"0":{"start":{"line":10,"column":13},"end":{"line":39,"column":null}},"1":{"start":{"line":22,"column":4},"end":{"line":36,"column":null}},"2":{"start":{"line":41,"column":0},"end":{"line":41,"column":null}}},"fnMap":{"0":{"name":"(anonymous_0)","decl":{"start":{"line":11,"column":2},"end":{"line":11,"column":null}},"loc":{"start":{"line":21,"column":7},"end":{"line":38,"column":null}},"line":21}},"branchMap":{"0":{"loc":{"start":{"line":15,"column":6},"end":{"line":15,"column":null}},"type":"default-arg","locations":[{"start":{"line":15,"column":16},"end":{"line":15,"column":null}}],"line":15},"1":{"loc":{"start":{"line":16,"column":6},"end":{"line":16,"column":null}},"type":"default-arg","locations":[{"start":{"line":16,"column":13},"end":{"line":16,"column":null}}],"line":16},"2":{"loc":{"start":{"line":17,"column":6},"end":{"line":17,"column":null}},"type":"default-arg","locations":[{"start":{"line":17,"column":12},"end":{"line":17,"column":null}}],"line":17},"3":{"loc":{"start":{"line":29,"column":10},"end":{"line":29,"column":null}},"type":"binary-expr","locations":[{"start":{"line":29,"column":10},"end":{"line":29,"column":17}},{"start":{"line":29,"column":17},"end":{"line":29,"column":null}}],"line":29},"4":{"loc":{"start":{"line":34,"column":9},"end":{"line":34,"column":null}},"type":"binary-expr","locations":[{"start":{"line":34,"column":9},"end":{"line":34,"column":16}},{"start":{"line":34,"column":16},"end":{"line":34,"column":null}}],"line":34}},"s":{"0":1,"1":22,"2":1},"f":{"0":22},"b":{"0":[22],"1":[22],"2":[22],"3":[22,1],"4":[22,1]},"meta":{"lastBranch":5,"lastFunction":1,"lastStatement":3,"seen":{"s:10:13:39:Infinity":0,"f:11:2:11:Infinity":0,"b:15:16:15:Infinity":0,"b:16:13:16:Infinity":1,"b:17:12:17:Infinity":2,"s:22:4:36:Infinity":1,"b:29:10:29:17:29:17:29:Infinity":3,"b:34:9:34:16:34:16:34:Infinity":4,"s:41:0:41:Infinity":2}}}
,"/Users/debabratanayak_1/Documents/DesignSystem_211/src/app/react-core-package/src/components/Breadcrumb/Breadcrumb.tsx": {"path":"/Users/debabratanayak_1/Documents/DesignSystem_211/src/app/react-core-package/src/components/Breadcrumb/Breadcrumb.tsx","statementMap":{"0":{"start":{"line":30,"column":30},"end":{"line":30,"column":null}},"1":{"start":{"line":32,"column":25},"end":{"line":32,"column":null}},"2":{"start":{"line":34,"column":23},"end":{"line":43,"column":null}},"3":{"start":{"line":39,"column":25},"end":{"line":39,"column":null}},"4":{"start":{"line":45,"column":2},"end":{"line":117,"column":null}},"5":{"start":{"line":54,"column":25},"end":{"line":54,"column":null}},"6":{"start":{"line":55,"column":28},"end":{"line":55,"column":null}},"7":{"start":{"line":56,"column":32},"end":{"line":56,"column":null}},"8":{"start":{"line":58,"column":10},"end":{"line":113,"column":null}},"9":{"start":{"line":121,"column":0},"end":{"line":121,"column":null}}},"fnMap":{"0":{"name":"Breadcrumb","decl":{"start":{"line":21,"column":16},"end":{"line":21,"column":27}},"loc":{"start":{"line":29,"column":20},"end":{"line":119,"column":null}},"line":29},"1":{"name":"(anonymous_1)","decl":{"start":{"line":39,"column":19},"end":{"line":39,"column":25}},"loc":{"start":{"line":39,"column":25},"end":{"line":39,"column":null}},"line":39},"2":{"name":"(anonymous_2)","decl":{"start":{"line":53,"column":26},"end":{"line":53,"column":27}},"loc":{"start":{"line":53,"column":43},"end":{"line":115,"column":9}},"line":53}},"branchMap":{"0":{"loc":{"start":{"line":23,"column":2},"end":{"line":23,"column":null}},"type":"default-arg","locations":[{"start":{"line":23,"column":14},"end":{"line":23,"column":null}}],"line":23},"1":{"loc":{"start":{"line":25,"column":2},"end":{"line":25,"column":null}},"type":"default-arg","locations":[{"start":{"line":25,"column":17},"end":{"line":25,"column":null}}],"line":25},"2":{"loc":{"start":{"line":32,"column":25},"end":{"line":32,"column":null}},"type":"binary-expr","locations":[{"start":{"line":32,"column":25},"end":{"line":32,"column":37}},{"start":{"line":32,"column":37},"end":{"line":32,"column":64}},{"start":{"line":32,"column":64},"end":{"line":32,"column":null}}],"line":32},"3":{"loc":{"start":{"line":34,"column":23},"end":{"line":43,"column":null}},"type":"cond-expr","locations":[{"start":{"line":35,"column":6},"end":{"line":42,"column":null}},{"start":{"line":43,"column":6},"end":{"line":43,"column":null}}],"line":34},"4":{"loc":{"start":{"line":55,"column":28},"end":{"line":55,"column":null}},"type":"binary-expr","locations":[{"start":{"line":55,"column":28},"end":{"line":55,"column":44}},{"start":{"line":55,"column":44},"end":{"line":55,"column":null}}],"line":55},"5":{"loc":{"start":{"line":63,"column":16},"end":{"line":63,"column":null}},"type":"binary-expr","locations":[{"start":{"line":63,"column":16},"end":{"line":63,"column":29}},{"start":{"line":63,"column":29},"end":{"line":63,"column":null}}],"line":63},"6":{"loc":{"start":{"line":66,"column":15},"end":{"line":105,"column":null}},"type":"cond-expr","locations":[{"start":{"line":67,"column":16},"end":{"line":78,"column":null}},{"start":{"line":79,"column":18},"end":{"line":105,"column":null}}],"line":66},"7":{"loc":{"start":{"line":70,"column":32},"end":{"line":70,"column":null}},"type":"cond-expr","locations":[{"start":{"line":70,"column":44},"end":{"line":70,"column":53}},{"start":{"line":70,"column":53},"end":{"line":70,"column":null}}],"line":70},"8":{"loc":{"start":{"line":72,"column":19},"end":{"line":75,"column":null}},"type":"binary-expr","locations":[{"start":{"line":72,"column":19},"end":{"line":72,"column":null}},{"start":{"line":73,"column":20},"end":{"line":75,"column":null}}],"line":72},"9":{"loc":{"start":{"line":79,"column":18},"end":{"line":105,"column":null}},"type":"cond-expr","locations":[{"start":{"line":80,"column":16},"end":{"line":93,"column":null}},{"start":{"line":95,"column":16},"end":{"line":105,"column":null}}],"line":79},"10":{"loc":{"start":{"line":79,"column":18},"end":{"line":79,"column":null}},"type":"binary-expr","locations":[{"start":{"line":79,"column":18},"end":{"line":79,"column":34}},{"start":{"line":79,"column":34},"end":{"line":79,"column":null}}],"line":79},"11":{"loc":{"start":{"line":84,"column":32},"end":{"line":84,"column":null}},"type":"cond-expr","locations":[{"start":{"line":84,"column":44},"end":{"line":84,"column":53}},{"start":{"line":84,"column":53},"end":{"line":84,"column":null}}],"line":84},"12":{"loc":{"start":{"line":85,"column":30},"end":{"line":85,"column":null}},"type":"cond-expr","locations":[{"start":{"line":85,"column":46},"end":{"line":85,"column":65}},{"start":{"line":85,"column":65},"end":{"line":85,"column":null}}],"line":85},"13":{"loc":{"start":{"line":87,"column":19},"end":{"line":90,"column":null}},"type":"binary-expr","locations":[{"start":{"line":87,"column":19},"end":{"line":87,"column":null}},{"start":{"line":88,"column":20},"end":{"line":90,"column":null}}],"line":87},"14":{"loc":{"start":{"line":97,"column":32},"end":{"line":97,"column":null}},"type":"cond-expr","locations":[{"start":{"line":97,"column":44},"end":{"line":97,"column":53}},{"start":{"line":97,"column":53},"end":{"line":97,"column":null}}],"line":97},"15":{"loc":{"start":{"line":99,"column":19},"end":{"line":102,"column":null}},"type":"binary-expr","locations":[{"start":{"line":99,"column":19},"end":{"line":99,"column":null}},{"start":{"line":100,"column":20},"end":{"line":102,"column":null}}],"line":99},"16":{"loc":{"start":{"line":108,"column":15},"end":{"line":111,"column":null}},"type":"binary-expr","locations":[{"start":{"line":108,"column":15},"end":{"line":108,"column":null}},{"start":{"line":109,"column":16},"end":{"line":111,"column":null}}],"line":108}},"s":{"0":15,"1":15,"2":15,"3":1,"4":15,"5":47,"6":47,"7":47,"8":47,"9":1},"f":{"0":15,"1":1,"2":47},"b":{"0":[15],"1":[15],"2":[15,3,3],"3":[2,13],"4":[47,32],"5":[47,15],"6":[29,18],"7":[0,29],"8":[29,0],"9":[3,15],"10":[18,15],"11":[0,3],"12":[2,1],"13":[3,0],"14":[15,0],"15":[15,0],"16":[47,32]},"meta":{"lastBranch":17,"lastFunction":3,"lastStatement":10,"seen":{"f:21:16:21:27":0,"b:23:14:23:Infinity":0,"b:25:17:25:Infinity":1,"s:30:30:30:Infinity":0,"s:32:25:32:Infinity":1,"b:32:25:32:37:32:37:32:64:32:64:32:Infinity":2,"s:34:23:43:Infinity":2,"b:35:6:42:Infinity:43:6:43:Infinity":3,"f:39:19:39:25":1,"s:39:25:39:Infinity":3,"s:45:2:117:Infinity":4,"f:53:26:53:27":2,"s:54:25:54:Infinity":5,"s:55:28:55:Infinity":6,"b:55:28:55:44:55:44:55:Infinity":4,"s:56:32:56:Infinity":7,"s:58:10:113:Infinity":8,"b:63:16:63:29:63:29:63:Infinity":5,"b:67:16:78:Infinity:79:18:105:Infinity":6,"b:70:44:70:53:70:53:70:Infinity":7,"b:72:19:72:Infinity:73:20:75:Infinity":8,"b:80:16:93:Infinity:95:16:105:Infinity":9,"b:79:18:79:34:79:34:79:Infinity":10,"b:84:44:84:53:84:53:84:Infinity":11,"b:85:46:85:65:85:65:85:Infinity":12,"b:87:19:87:Infinity:88:20:90:Infinity":13,"b:97:44:97:53:97:53:97:Infinity":14,"b:99:19:99:Infinity:100:20:102:Infinity":15,"b:108:15:108:Infinity:109:16:111:Infinity":16,"s:121:0:121:Infinity":9}}}
[...]
,"/Users/debabratanayak_1/Documents/DesignSystem_211/src/app/react-core-package/src/components/Toast/Toast.tsx": {"path":"/Users/debabratanayak_1/Documents/DesignSystem_211/src/app/react-core-package/src/components/Toast/Toast.tsx","statementMap":{"0":{"start":{"line":31,"column":2},"end":{"line":36,"column":null}},"1":{"start":{"line":32,"column":4},"end":{"line":35,"column":null}},"2":{"start":{"line":33,"column":20},"end":{"line":33,"column":null}},"3":{"start":{"line":34,"column":6},"end":{"line":34,"column":null}},"4":{"start":{"line":34,"column":19},"end":{"line":34,"column":null}},"5":{"start":{"line":38,"column":23},"end":{"line":43,"column":null}},"6":{"start":{"line":45,"column":22},"end":{"line":45,"column":null}},"7":{"start":{"line":47,"column":2},"end":{"line":82,"column":null}},"8":{"start":{"line":86,"column":0},"end":{"line":86,"column":null}}},"fnMap":{"0":{"name":"Toast","decl":{"start":{"line":19,"column":16},"end":{"line":19,"column":22}},"loc":{"start":{"line":30,"column":15},"end":{"line":84,"column":null}},"line":30},"1":{"name":"(anonymous_1)","decl":{"start":{"line":31,"column":12},"end":{"line":31,"column":18}},"loc":{"start":{"line":31,"column":18},"end":{"line":36,"column":5}},"line":31},"2":{"name":"(anonymous_2)","decl":{"start":{"line":34,"column":13},"end":{"line":34,"column":19}},"loc":{"start":{"line":34,"column":19},"end":{"line":34,"column":null}},"line":34}},"branchMap":{"0":{"loc":{"start":{"line":21,"column":2},"end":{"line":21,"column":null}},"type":"default-arg","locations":[{"start":{"line":21,"column":12},"end":{"line":21,"column":null}}],"line":21},"1":{"loc":{"start":{"line":23,"column":2},"end":{"line":23,"column":null}},"type":"default-arg","locations":[{"start":{"line":23,"column":13},"end":{"line":23,"column":null}}],"line":23},"2":{"loc":{"start":{"line":24,"column":2},"end":{"line":24,"column":null}},"type":"default-arg","locations":[{"start":{"line":24,"column":13},"end":{"line":24,"column":null}}],"line":24},"3":{"loc":{"start":{"line":32,"column":4},"end":{"line":35,"column":null}},"type":"if","locations":[{"start":{"line":32,"column":4},"end":{"line":35,"column":null}},{"start":{},"end":{}}],"line":32},"4":{"loc":{"start":{"line":32,"column":8},"end":{"line":32,"column":33}},"type":"binary-expr","locations":[{"start":{"line":32,"column":8},"end":{"line":32,"column":24}},{"start":{"line":32,"column":24},"end":{"line":32,"column":33}}],"line":32},"5":{"loc":{"start":{"line":45,"column":22},"end":{"line":45,"column":null}},"type":"binary-expr","locations":[{"start":{"line":45,"column":22},"end":{"line":45,"column":31}},{"start":{"line":45,"column":31},"end":{"line":45,"column":null}}],"line":45},"6":{"loc":{"start":{"line":50,"column":17},"end":{"line":50,"column":null}},"type":"cond-expr","locations":[{"start":{"line":50,"column":39},"end":{"line":50,"column":53}},{"start":{"line":50,"column":53},"end":{"line":50,"column":null}}],"line":50},"7":{"loc":{"start":{"line":54,"column":7},"end":{"line":57,"column":null}},"type":"binary-expr","locations":[{"start":{"line":54,"column":7},"end":{"line":54,"column":null}},{"start":{"line":55,"column":8},"end":{"line":57,"column":null}}],"line":54},"8":{"loc":{"start":{"line":60,"column":9},"end":{"line":60,"column":null}},"type":"binary-expr","locations":[{"start":{"line":60,"column":9},"end":{"line":60,"column":18}},{"start":{"line":60,"column":18},"end":{"line":60,"column":null}}],"line":60},"9":{"loc":{"start":{"line":63,"column":7},"end":{"line":70,"column":null}},"type":"binary-expr","locations":[{"start":{"line":63,"column":7},"end":{"line":63,"column":null}},{"start":{"line":64,"column":8},"end":{"line":70,"column":null}}],"line":63},"10":{"loc":{"start":{"line":72,"column":7},"end":{"line":80,"column":null}},"type":"binary-expr","locations":[{"start":{"line":72,"column":7},"end":{"line":72,"column":null}},{"start":{"line":73,"column":8},"end":{"line":80,"column":null}}],"line":72}},"s":{"0":30,"1":30,"2":11,"3":11,"4":11,"5":30,"6":30,"7":30,"8":1},"f":{"0":30,"1":30,"2":11},"b":{"0":[30],"1":[30],"2":[30],"3":[11,19],"4":[30,29],"5":[30,29],"6":[3,27],"7":[30,30],"8":[30,1],"9":[30,2],"10":[30,29]},"meta":{"lastBranch":11,"lastFunction":3,"lastStatement":9,"seen":{"f:19:16:19:22":0,"b:21:12:21:Infinity":0,"b:23:13:23:Infinity":1,"b:24:13:24:Infinity":2,"s:31:2:36:Infinity":0,"f:31:12:31:18":1,"b:32:4:35:Infinity:undefined:undefined:undefined:undefined":3,"s:32:4:35:Infinity":1,"b:32:8:32:24:32:24:32:33":4,"s:33:20:33:Infinity":2,"s:34:6:34:Infinity":3,"f:34:13:34:19":2,"s:34:19:34:Infinity":4,"s:38:23:43:Infinity":5,"s:45:22:45:Infinity":6,"b:45:22:45:31:45:31:45:Infinity":5,"s:47:2:82:Infinity":7,"b:50:39:50:53:50:53:50:Infinity":6,"b:54:7:54:Infinity:55:8:57:Infinity":7,"b:60:9:60:18:60:18:60:Infinity":8,"b:63:7:63:Infinity:64:8:70:Infinity":9,"b:72:7:72:Infinity:73:8:80:Infinity":10,"s:86:0:86:Infinity":8}}}
,"/Users/debabratanayak_1/Documents/DesignSystem_211/src/app/react-core-package/src/components/Tooltip/Tooltip.tsx": {"path":"/Users/debabratanayak_1/Documents/DesignSystem_211/src/app/react-core-package/src/components/Tooltip/Tooltip.tsx","statementMap":{"0":{"start":{"line":27,"column":28},"end":{"line":27,"column":null}},"1":{"start":{"line":28,"column":8},"end":{"line":28,"column":null}},"2":{"start":{"line":30,"column":27},"end":{"line":35,"column":null}},"3":{"start":{"line":31,"column":4},"end":{"line":31,"column":null}},"4":{"start":{"line":31,"column":18},"end":{"line":31,"column":null}},"5":{"start":{"line":32,"column":4},"end":{"line":34,"column":null}},"6":{"start":{"line":33,"column":6},"end":{"line":33,"column":null}},"7":{"start":{"line":37,"column":27},"end":{"line":42,"column":null}},"8":{"start":{"line":38,"column":4},"end":{"line":40,"column":null}},"9":{"start":{"line":39,"column":6},"end":{"line":39,"column":null}},"10":{"start":{"line":41,"column":4},"end":{"line":41,"column":null}},"11":{"start":{"line":44,"column":2},"end":{"line":66,"column":null}},"12":{"start":{"line":70,"column":0},"end":{"line":70,"column":null}}},"fnMap":{"0":{"name":"Tooltip","decl":{"start":{"line":17,"column":16},"end":{"line":17,"column":24}},"loc":{"start":{"line":26,"column":17},"end":{"line":68,"column":null}},"line":26},"1":{"name":"(anonymous_1)","decl":{"start":{"line":30,"column":27},"end":{"line":30,"column":33}},"loc":{"start":{"line":30,"column":33},"end":{"line":35,"column":null}},"line":30},"2":{"name":"(anonymous_2)","decl":{"start":{"line":32,"column":36},"end":{"line":32,"column":42}},"loc":{"start":{"line":32,"column":42},"end":{"line":34,"column":7}},"line":32},"3":{"name":"(anonymous_3)","decl":{"start":{"line":37,"column":27},"end":{"line":37,"column":33}},"loc":{"start":{"line":37,"column":33},"end":{"line":42,"column":null}},"line":37}},"branchMap":{"0":{"loc":{"start":{"line":20,"column":2},"end":{"line":20,"column":null}},"type":"default-arg","locations":[{"start":{"line":20,"column":14},"end":{"line":20,"column":null}}],"line":20},"1":{"loc":{"start":{"line":21,"column":2},"end":{"line":21,"column":null}},"type":"default-arg","locations":[{"start":{"line":21,"column":10},"end":{"line":21,"column":null}}],"line":21},"2":{"loc":{"start":{"line":22,"column":2},"end":{"line":22,"column":null}},"type":"default-arg","locations":[{"start":{"line":22,"column":13},"end":{"line":22,"column":null}}],"line":22},"3":{"loc":{"start":{"line":23,"column":2},"end":{"line":23,"column":null}},"type":"default-arg","locations":[{"start":{"line":23,"column":14},"end":{"line":23,"column":null}}],"line":23},"4":{"loc":{"start":{"line":31,"column":4},"end":{"line":31,"column":null}},"type":"if","locations":[{"start":{"line":31,"column":4},"end":{"line":31,"column":null}},{"start":{},"end":{}}],"line":31},"5":{"loc":{"start":{"line":38,"column":4},"end":{"line":40,"column":null}},"type":"if","locations":[{"start":{"line":38,"column":4},"end":{"line":40,"column":null}},{"start":{},"end":{}}],"line":38},"6":{"loc":{"start":{"line":54,"column":7},"end":{"line":64,"column":null}},"type":"binary-expr","locations":[{"start":{"line":54,"column":7},"end":{"line":54,"column":18}},{"start":{"line":54,"column":18},"end":{"line":54,"column":null}},{"start":{"line":55,"column":8},"end":{"line":64,"column":null}}],"line":54},"7":{"loc":{"start":{"line":60,"column":12},"end":{"line":60,"column":null}},"type":"binary-expr","locations":[{"start":{"line":60,"column":12},"end":{"line":60,"column":25}},{"start":{"line":60,"column":25},"end":{"line":60,"column":null}}],"line":60}},"s":{"0":37,"1":37,"2":37,"3":17,"4":1,"5":16,"6":15,"7":37,"8":3,"9":3,"10":3,"11":37,"12":1},"f":{"0":37,"1":17,"2":15,"3":3},"b":{"0":[37],"1":[37],"2":[37],"3":[37],"4":[1,16],"5":[3,0],"6":[37,15,15],"7":[15,14]},"meta":{"lastBranch":8,"lastFunction":4,"lastStatement":13,"seen":{"f:17:16:17:24":0,"b:20:14:20:Infinity":0,"b:21:10:21:Infinity":1,"b:22:13:22:Infinity":2,"b:23:14:23:Infinity":3,"s:27:28:27:Infinity":0,"s:28:8:28:Infinity":1,"s:30:27:35:Infinity":2,"f:30:27:30:33":1,"b:31:4:31:Infinity:undefined:undefined:undefined:undefined":4,"s:31:4:31:Infinity":3,"s:31:18:31:Infinity":4,"s:32:4:34:Infinity":5,"f:32:36:32:42":2,"s:33:6:33:Infinity":6,"s:37:27:42:Infinity":7,"f:37:27:37:33":3,"b:38:4:40:Infinity:undefined:undefined:undefined:undefined":5,"s:38:4:40:Infinity":8,"s:39:6:39:Infinity":9,"s:41:4:41:Infinity":10,"s:44:2:66:Infinity":11,"b:54:7:54:18:54:18:54:Infinity:55:8:64:Infinity":6,"b:60:12:60:25:60:25:60:Infinity":7,"s:70:0:70:Infinity":12}}}
,"/Users/debabratanayak_1/Documents/DesignSystem_211/src/app/react-core-package/src/components/TreeView/TreeView.tsx": {"path":"/Users/debabratanayak_1/Documents/DesignSystem_211/src/app/react-core-package/src/components/TreeView/TreeView.tsx","statementMap":{"0":{"start":{"line":8,"column":22},"end":{"line":8,"column":null}},"1":{"start":{"line":9,"column":21},"end":{"line":9,"column":null}},"2":{"start":{"line":10,"column":21},"end":{"line":10,"column":null}},"3":{"start":{"line":12,"column":2},"end":{"line":31,"column":null}},"4":{"start":{"line":17,"column":25},"end":{"line":17,"column":61}},"5":{"start":{"line":17,"column":42},"end":{"line":17,"column":61}},"6":{"start":{"line":17,"column":61},"end":{"line":17,"column":82}},"7":{"start":{"line":27,"column":12},"end":{"line":27,"column":null}},"8":{"start":{"line":35,"column":13},"end":{"line":48,"column":null}},"9":{"start":{"line":37,"column":32},"end":{"line":37,"column":null}},"10":{"start":{"line":38,"column":19},"end":{"line":38,"column":null}},"11":{"start":{"line":38,"column":35},"end":{"line":38,"column":null}},"12":{"start":{"line":38,"column":72},"end":{"line":38,"column":87}},"13":{"start":{"line":38,"column":87},"end":{"line":38,"column":134}},"14":{"start":{"line":38,"column":134},"end":{"line":38,"column":147}},"15":{"start":{"line":40,"column":4},"end":{"line":45,"column":null}},"16":{"start":{"line":43,"column":10},"end":{"line":43,"column":null}},"17":{"start":{"line":50,"column":0},"end":{"line":50,"column":null}}},"fnMap":{"0":{"name":"TreeItem","decl":{"start":{"line":5,"column":9},"end":{"line":5,"column":18}},"loc":{"start":{"line":7,"column":3},"end":{"line":33,"column":null}},"line":7},"1":{"name":"(anonymous_1)","decl":{"start":{"line":17,"column":17},"end":{"line":17,"column":23}},"loc":{"start":{"line":17,"column":23},"end":{"line":17,"column":null}},"line":17},"2":{"name":"(anonymous_2)","decl":{"start":{"line":26,"column":30},"end":{"line":26,"column":31}},"loc":{"start":{"line":27,"column":12},"end":{"line":27,"column":null}},"line":27},"3":{"name":"(anonymous_3)","decl":{"start":{"line":36,"column":2},"end":{"line":36,"column":3}},"loc":{"start":{"line":36,"column":87},"end":{"line":47,"column":null}},"line":36},"4":{"name":"(anonymous_4)","decl":{"start":{"line":38,"column":19},"end":{"line":38,"column":20}},"loc":{"start":{"line":38,"column":35},"end":{"line":38,"column":null}},"line":38},"5":{"name":"(anonymous_5)","decl":{"start":{"line":38,"column":47},"end":{"line":38,"column":48}},"loc":{"start":{"line":38,"column":57},"end":{"line":38,"column":148}},"line":38},"6":{"name":"(anonymous_6)","decl":{"start":{"line":42,"column":19},"end":{"line":42,"column":20}},"loc":{"start":{"line":43,"column":10},"end":{"line":43,"column":null}},"line":43}},"branchMap":{"0":{"loc":{"start":{"line":8,"column":22},"end":{"line":8,"column":null}},"type":"binary-expr","locations":[{"start":{"line":8,"column":22},"end":{"line":8,"column":39}},{"start":{"line":8,"column":39},"end":{"line":8,"column":null}}],"line":8},"1":{"loc":{"start":{"line":13,"column":39},"end":{"line":13,"column":77}},"type":"cond-expr","locations":[{"start":{"line":13,"column":53},"end":{"line":13,"column":66}},{"start":{"line":13,"column":66},"end":{"line":13,"column":77}}],"line":13},"2":{"loc":{"start":{"line":15,"column":113},"end":{"line":15,"column":189}},"type":"cond-expr","locations":[{"start":{"line":15,"column":126},"end":{"line":15,"column":157}},{"start":{"line":15,"column":157},"end":{"line":15,"column":189}}],"line":15},"3":{"loc":{"start":{"line":17,"column":25},"end":{"line":17,"column":61}},"type":"if","locations":[{"start":{"line":17,"column":25},"end":{"line":17,"column":61}},{"start":{},"end":{}}],"line":17},"4":{"loc":{"start":{"line":19,"column":9},"end":{"line":19,"column":null}},"type":"binary-expr","locations":[{"start":{"line":19,"column":9},"end":{"line":19,"column":24}},{"start":{"line":19,"column":24},"end":{"line":19,"column":null}}],"line":19},"5":{"loc":{"start":{"line":19,"column":92},"end":{"line":19,"column":115}},"type":"cond-expr","locations":[{"start":{"line":19,"column":105},"end":{"line":19,"column":111}},{"start":{"line":19,"column":111},"end":{"line":19,"column":115}}],"line":19},"6":{"loc":{"start":{"line":20,"column":9},"end":{"line":20,"column":null}},"type":"binary-expr","locations":[{"start":{"line":20,"column":9},"end":{"line":20,"column":25}},{"start":{"line":20,"column":25},"end":{"line":20,"column":null}}],"line":20},"7":{"loc":{"start":{"line":21,"column":9},"end":{"line":21,"column":null}},"type":"binary-expr","locations":[{"start":{"line":21,"column":9},"end":{"line":21,"column":22}},{"start":{"line":21,"column":22},"end":{"line":21,"column":null}}],"line":21},"8":{"loc":{"start":{"line":24,"column":7},"end":{"line":29,"column":null}},"type":"binary-expr","locations":[{"start":{"line":24,"column":7},"end":{"line":24,"column":22}},{"start":{"line":24,"column":22},"end":{"line":24,"column":null}},{"start":{"line":25,"column":8},"end":{"line":29,"column":null}}],"line":24},"9":{"loc":{"start":{"line":36,"column":12},"end":{"line":36,"column":34}},"type":"default-arg","locations":[{"start":{"line":36,"column":30},"end":{"line":36,"column":34}}],"line":36},"10":{"loc":{"start":{"line":38,"column":87},"end":{"line":38,"column":134}},"type":"cond-expr","locations":[{"start":{"line":38,"column":102},"end":{"line":38,"column":120}},{"start":{"line":38,"column":120},"end":{"line":38,"column":134}}],"line":38}},"s":{"0":46,"1":46,"2":46,"3":46,"4":8,"5":6,"6":8,"7":10,"8":1,"9":18,"10":18,"11":6,"12":6,"13":6,"14":6,"15":18,"16":36,"17":1},"f":{"0":46,"1":8,"2":10,"3":18,"4":6,"5":6,"6":36},"b":{"0":[46,18],"1":[18,28],"2":[0,46],"3":[6,2],"4":[46,18],"5":[5,13],"6":[46,28],"7":[46,0],"8":[46,18,5],"9":[18],"10":[2,4]},"meta":{"lastBranch":11,"lastFunction":7,"lastStatement":18,"seen":{"f:5:9:5:18":0,"s:8:22:8:Infinity":0,"b:8:22:8:39:8:39:8:Infinity":0,"s:9:21:9:Infinity":1,"s:10:21:10:Infinity":2,"s:12:2:31:Infinity":3,"b:13:53:13:66:13:66:13:77":1,"b:15:126:15:157:15:157:15:189":2,"f:17:17:17:23":1,"b:17:25:17:61:undefined:undefined:undefined:undefined":3,"s:17:25:17:61":4,"s:17:42:17:61":5,"s:17:61:17:82":6,"b:19:9:19:24:19:24:19:Infinity":4,"b:19:105:19:111:19:111:19:115":5,"b:20:9:20:25:20:25:20:Infinity":6,"b:21:9:21:22:21:22:21:Infinity":7,"b:24:7:24:22:24:22:24:Infinity:25:8:29:Infinity":8,"f:26:30:26:31":2,"s:27:12:27:Infinity":7,"s:35:13:48:Infinity":8,"f:36:2:36:3":3,"b:36:30:36:34":9,"s:37:32:37:Infinity":9,"s:38:19:38:Infinity":10,"f:38:19:38:20":4,"s:38:35:38:Infinity":11,"f:38:47:38:48":5,"s:38:72:38:87":12,"s:38:87:38:134":13,"b:38:102:38:120:38:120:38:134":10,"s:38:134:38:147":14,"s:40:4:45:Infinity":15,"f:42:19:42:20":6,"s:43:10:43:Infinity":16,"s:50:0:50:Infinity":17}}}
,"/Users/debabratanayak_1/Documents/DesignSystem_211/src/app/react-core-package/src/components/VideoPlayer/VideoPlayer.tsx": {"path":"/Users/debabratanayak_1/Documents/DesignSystem_211/src/app/react-core-package/src/components/VideoPlayer/VideoPlayer.tsx","statementMap":{"0":{"start":{"line":15,"column":13},"end":{"line":54,"column":null}},"1":{"start":{"line":30,"column":4},"end":{"line":51,"column":null}},"2":{"start":{"line":56,"column":0},"end":{"line":56,"column":null}}},"fnMap":{"0":{"name":"(anonymous_0)","decl":{"start":{"line":16,"column":2},"end":{"line":16,"column":null}},"loc":{"start":{"line":29,"column":7},"end":{"line":53,"column":null}},"line":29}},"branchMap":{"0":{"loc":{"start":{"line":21,"column":6},"end":{"line":21,"column":null}},"type":"default-arg","locations":[{"start":{"line":21,"column":17},"end":{"line":21,"column":null}}],"line":21},"1":{"loc":{"start":{"line":22,"column":6},"end":{"line":22,"column":null}},"type":"default-arg","locations":[{"start":{"line":22,"column":17},"end":{"line":22,"column":null}}],"line":22},"2":{"loc":{"start":{"line":32,"column":9},"end":{"line":35,"column":null}},"type":"binary-expr","locations":[{"start":{"line":32,"column":9},"end":{"line":32,"column":null}},{"start":{"line":33,"column":10},"end":{"line":35,"column":null}}],"line":32},"3":{"loc":{"start":{"line":45,"column":22},"end":{"line":45,"column":null}},"type":"binary-expr","locations":[{"start":{"line":45,"column":22},"end":{"line":45,"column":31}},{"start":{"line":45,"column":31},"end":{"line":45,"column":null}}],"line":45}},"s":{"0":1,"1":7,"2":1},"f":{"0":7},"b":{"0":[7],"1":[7],"2":[7,2],"3":[7,5]},"meta":{"lastBranch":4,"lastFunction":1,"lastStatement":3,"seen":{"s:15:13:54:Infinity":0,"f:16:2:16:Infinity":0,"b:21:17:21:Infinity":0,"b:22:17:22:Infinity":1,"s:30:4:51:Infinity":1,"b:32:9:32:Infinity:33:10:35:Infinity":2,"b:45:22:45:31:45:31:45:Infinity":3,"s:56:0:56:Infinity":2}}}
,"/Users/debabratanayak_1/Documents/DesignSystem_211/src/app/react-core-package/src/utils/cn.ts": {"path":"/Users/debabratanayak_1/Documents/DesignSystem_211/src/app/react-core-package/src/utils/cn.ts","statementMap":{"0":{"start":{"line":17,"column":2},"end":{"line":17,"column":null}}},"fnMap":{"0":{"name":"cn","decl":{"start":{"line":16,"column":16},"end":{"line":16,"column":22}},"loc":{"start":{"line":16,"column":52},"end":{"line":18,"column":null}},"line":16}},"branchMap":{},"s":{"0":4907},"f":{"0":4907},"b":{},"meta":{"lastBranch":0,"lastFunction":1,"lastStatement":1,"seen":{"f:16:16:16:22":0,"s:17:2:17:Infinity":0}}}
}
